WARNING:tensorflow:From /home/ubuntu/zzh/GradSign/nas-without-training/src/nasbench-master/nasbench/lib/training_time.py:130: The name tf.train.SessionRunHook is deprecated. Please use tf.estimator.SessionRunHook instead.

WARNING:tensorflow:From /home/ubuntu/zzh/GradSign/nas-without-training/src/nasbench-master/nasbench/lib/training_time.py:174: The name tf.train.CheckpointSaverListener is deprecated. Please use tf.estimator.CheckpointSaverListener instead.

WARNING:tensorflow:From /home/ubuntu/zzh/GradSign/nas-without-training/src/nasbench-master/nasbench/lib/evaluate.py:30: The name tf.train.NanLossDuringTrainingError is deprecated. Please use tf.estimator.NanLossDuringTrainingError instead.

Files already downloaded and verified
Files already downloaded and verified
nan
nan
-1.0
0.33333333333333337
0.0
0.39999999999999997
0.6
0.6190476190476191
0.6428571428571428
0.3888888888888889
0.3333333333333333
0.45454545454545453
0.4242424242424242
0.5128205128205127
0.5164835164835165
0.5047619047619049
0.5499999999999999
0.6029411764705882
0.6470588235294119
0.6374269005847952
0.5368421052631579
0.5619047619047619
0.567099567099567
0.5889328063241107
0.608695652173913
0.6066666666666666
0.556923076923077
0.5441595441595443
0.5502645502645502
0.5517241379310344
0.5402298850574713
0.5483870967741936
0.5524193548387097
0.5643939393939394
0.5579322638146168
0.5495798319327732
0.5480541839988842
0.5424494393502441
0.5608542345852524
0.5608113228739764
0.5545575814404514
0.559218976072837
0.5616282866606791
0.5532154175837309
0.5354500352454775
0.5399396086679187
0.5290137870497433
0.5361113409256927
0.5370621716354017
0.5338446243896418
0.5230898904599982
0.5104047513841744
0.5247266483132911
0.5383221503563851
0.5232601691499312
0.5136504142383946
0.5089375184604128
0.5174038037344025
0.5093886232992139
0.509655117868259
0.4920817628132103
0.4868711885568845
0.4886185904343961
0.49730879095885405
0.49416477127181574
0.4876056478760199
0.4863480557181106
0.4600410463901113
0.4653925023665739
0.46895695555486316
0.4750261617902705
0.4817726511424753
0.49539871011328246
0.49418980885111397
0.4972196792299085
0.5027071278738898
0.5017573473021475
0.508556260216225
0.5131715134759195
0.5116208951031785
0.514974378827604
0.51584040001361
0.504749446995023
0.5029434520736114
0.5056023601205544
0.5054703428716065
0.5032881434494085
0.5109747616789605
0.512686810443191
0.5103558248928206
0.5087503974614033
0.5166263029173188
0.5190149609441679
0.5172013838036739
0.5196980045608743
0.5191751728631235
0.5199828843366731
0.5200004328829547
0.5224907459019072
0.5292604619469949
0.5301916184206621
0.5322233959268742
0.5320766979378477
0.530881143601879
0.5294452093880138
0.535852266193452
0.5392231696526218
0.5332396306303031
0.5338886718756594
0.5363286874236051
0.5414306153034079
0.5352696122331172
0.5339138849253855
0.5322471791035887
0.5323802744793835
0.5289135507383759
0.5319425874816978
0.5305103715329047
0.5312255715406868
0.5302721832356343
0.532221214239659
0.5399632246845413
0.5399176972304314
0.5455399059425159
0.5405374125240414
0.5419550622635644
0.5432935097100905
0.542394561276844
0.5456117899831064
0.5523352398928492
0.5530217333940483
0.5574180436998453
0.5513931579939002
0.5508474482404047
0.5391318619984607
0.5396882875827718
0.5414489803903735
0.5424845010425223
0.5398023904607567
0.531816499206569
0.5337797058283891
0.536343317347922
0.5330070518916238
0.5395467944995201
0.5379757289495686
0.5409038441992224
0.5464438486212791
0.5475839071764075
0.5507597131529289
0.551348790553266
0.5520767376500008
0.5525354242324426
0.551799728394251
0.5502608220100501
0.5497581863341962
0.5466827023037931
0.5463131759355347
0.5365060039859135
0.5358631843725491
0.5386214026066866
0.5385134624686752
0.5414549484839698
0.54220934906368
0.5435866690538604
0.5432621080751866
0.5452531510853116
0.5440127026740355
0.5446603839037405
0.549802363153276
0.5530598959997346
0.5544213998633254
0.554668111794147
0.5515462012247678
0.5502276817568648
0.5506142641655349
0.5466807560320099
0.5470629919607192
0.5516271430246124
0.5382371292383754
0.5376207290231918
0.5374985831950071
0.5386819352687462
0.5427855642094452
0.5473081585233914
0.546168746691725
0.5333141898551469
0.5323172339381758
0.533556515178109
0.5340820424186001
0.5361597116411053
0.539933597905629
0.5420282637697975
0.5429825244885501
0.5436862048042542
0.5437579224523984
0.5422639764951218
0.5375752564391284
0.5380890331263259
0.5379999803318525
0.5372245066811607
0.5365884324225538
0.5398112657398291
0.5400865184631105
0.5365157256019866
0.528780743710823
0.5296138616844552
0.5263139183863662
0.5260123094308339
0.5262968030817611
0.5277034967148307
0.5283653844184893
0.5316341991806993
0.5271602014726058
0.525130384951293
0.5272254455699538
0.5274186514589378
0.5300759260047998
0.5297982897940537
0.5267198199003078
0.5270208582601413
0.5263382937071478
0.5277474923791196
0.5262111008942395
0.5246915873369615
0.5249319245394485
0.5284456936536808
0.5283128995095487
0.5309626646081261
0.531078893232973
0.5310576299504364
0.5313106813735644
0.5329619885541772
0.5316121441466451
0.5303769263912829
0.5279309576519062
0.5259540632233546
0.5264380514905446
0.5270024583071263
0.5274321408734292
0.5236457714391923
0.5255003604512746
0.5220769717891386
0.5214739227077193
0.5237582093709019
0.5235639981243169
0.5191247300274459
0.5190520898053825
0.5204225531858999
0.5208056639362201
0.521782045921603
0.5215760637908058
0.5216911668645
0.5200462021618079
0.5187960593139256
0.5193260841922817
0.5184011394752033
0.51950781758724
0.5157633001143361
0.5160789372585424
0.5140216617633098
0.5167916949140074
0.5172094173433015
0.5148662933934455
0.5172239274301297
0.5183481484290424
0.5207650289227023
0.5168510066875586
0.5168656008004833
0.5168727541590863
0.5160803089607728
0.5160095074039278
0.5139476201673394
0.5153529812771703
0.5151663759026942
0.516621920234953
0.5185476128825074
0.5195081305046517
0.5193670724713626
0.5197934989619104
0.5227759236115505
0.5179853886930078
0.5182965372987205
0.5192913071721997
0.5196948494182808
0.5178489788589342
0.5154782055508248
0.5149707210031785
0.5158666489731346
0.5177310848710163
0.5160806412697603
0.5159337363174287
0.5166669840240622
0.5158809122523388
0.5168023552964552
0.5158625304900618
0.5162978863553518
0.5181027706235602
0.5195753929798684
0.5201792508224187
0.5207858177056105
0.5216182657461058
0.5217241794634825
0.5201811262793627
0.5196870688043285
0.5187042087883875
0.5196453825166856
0.5192811918445823
0.5210101423617353
0.5218372227670831
0.5211485724367683
0.5222350015840195
0.5222634282305074
0.5221102012383755
0.5220356133856098
0.5198676008224077
0.5176663392358687
0.5144459710029239
0.5135950092615561
0.5118755274025938
0.5121613829923751
0.5146650709653413
0.5163382842176218
0.5167357420977972
0.5147114336051662
0.5156541674876354
0.5159620077504162
0.5153819468940323
0.5131509355303626
0.5116283629218086
0.5116275133132135
0.5108883807932648
0.5102174540144774
0.5125751854581515
0.5139580491152695
0.5138339687293823
0.51380495997356
0.5161335155209045
0.5160245199499041
0.5152350890818852
0.5155470772158849
0.515724812846149
0.5158269248115049
0.5160391913634128
0.5147549127388863
0.5149068940020888
0.51568530997447
0.5176161308980582
0.5180859079259728
0.5184587799676903
0.518637453882123
0.5181212459025984
0.5184785291891066
0.518904400361751
0.5192687376552177
0.5196687212422003
0.5207848247759296
0.5224664473876501
0.5226322951947635
0.5225646303622233
0.5227544744267025
0.520512740952123
0.5207995952443855
0.5187579318682236
0.5198855592708641
0.5198482987363033
0.5173164391520962
0.5161275728944316
0.5179927334239071
0.5189517849108576
0.5178755283363499
0.5174047220913685
0.5153995568030262
0.5163831980590422
0.5155628787282656
0.5157238253246229
0.5166430951027473
0.5169523916381242
0.5160606840569123
0.5141067034014241
0.5142386663607551
0.5143688380740322
0.5149470184049653
0.515735788475571
0.5179668932345332
0.5186017118278543
0.5195073853624705
0.5186652424544158
0.5170070125248589
0.5173294775823605
0.5171940521846822
0.5175318503232922
0.5163947457484398
0.5165299610352594
0.5165140835865918
0.5164950312810407
0.5173574821784596
0.5168507047087132
0.5153388671937772
0.5142605100323736
0.5158158667769729
0.5118151760820497
0.5112973733397784
0.5121325883944527
0.5110433454741675
0.5114252916598727
0.5113198278207399
0.5064467729869307
0.5050364184269084
0.5033232441377201
0.5045791582470425
0.5047688116053184
0.5048674261720728
0.5048851587919552
0.504649607617345
0.5039067608846514
0.5027251877241465
0.5023582516573054
0.5038708313406837
0.5042085125122747
0.5054119034070473
0.5053406437564038
0.504148754456927
0.4999412799560175
0.5004604530733604
0.4971697910803425
0.49731367809131355
0.4970442327716273
0.497514979193922
0.49867449111850765
0.4989179035434648
0.4992594968851722
0.49952499008640316
0.49820147208119525
0.4981508898278378
0.4983245876662284
0.49921810446007886
0.4987992949862663
0.4975696697522635
0.49774557397832536
0.4971621495479616
0.4961511255328454
0.49658659886157164
0.49754477801928837
0.4976939443955517
0.497500676515371
0.4985661455294279
0.4966804756958275
0.4961955415867325
0.4956074771478401
0.49542045024157966
0.4969921026712524
0.4969141408525037
0.4970456860042157
0.4978143472032904
0.4980163109864337
0.49772448224516785
0.4971214764792037
0.4979413905356158
0.49787862524752535
0.49716620284464963
0.4976527987538634
0.49535614422408625
0.4966410559679007
0.49677026732177404
0.4964066429614722
0.4979629940282635
0.49742408519906073
0.4979965175264533
0.49889625210086397
0.4990218641290568
0.4975813662348716
0.4976775832500771
0.49600726145302415
0.4961497572191996
0.4947412216848943
0.49538826728424074
0.49721024669689945
0.4973564646951661
0.49903425700879334
0.49911045541165705
0.49752227577435854
0.49749570031957546
0.49851680563120326
0.49867349711703696
0.4985247667509511
0.4962292953706255
0.49356403556997075
0.492025025302553
0.49158161061006556
0.4883805752228354
0.4898301739436863
0.4904293960240978
0.49165588772587904
0.4923606386070043
0.4941884629703783
0.4941914568847082
0.49394979640506315
0.49292812732573615
0.4930516191572176
0.49320039535155946
0.49148556552012074
0.4906760404063242
0.4908287061846152
0.4923960274058433
0.4920272858883897
0.4937900360594987
0.4951666067107285
0.49574384756439394
0.495698389363961
0.4972024356722957
0.49784411649200483
0.4966249057710336
0.4980580670769058
0.4995391579136024
0.4999681898536377
0.49968270557275096
0.4991827628839039
0.4992347232266342
0.49665394001726376
0.49702627531777155
0.49833449781144
0.498054443945958
0.49793303804257355
0.49808398851654295
0.49825571800577434
0.4962185098032758
0.4955729221326181
0.49373298055685677
0.4936757590613445
0.493163710095094
0.4933163085264862
0.4941206964124326
0.49433596067158997
0.4947368208879273
0.4960776380494667
0.49688446311079265
0.4974740159964604
0.4976434433007373
0.49871282152326485
0.49885227395160237
0.4986690240951627
0.4964665176100521
0.4970191303503061
0.49723935239101624
0.4958359006391748
0.4949409490184739
0.4954070655768374
0.49533327383983333
0.49444164635819493
0.4946382983925084
0.49410398899908026
0.49419811239596667
0.49286268472055245
0.49040358966626746
0.4903009406201326
0.4915181025245144
0.491293888067259
0.49119415727879945
0.49169124453823215
0.4917514362555991
0.4931468592423415
0.4934501703072386
0.4930382990041691
0.4943100252664491
0.49405742207425735
0.49240668939428567
0.491846357095644
0.4925116166215279
0.4935780461900463
0.49464013311340455
0.4920931807890626
0.49184703509319444
0.4914784607193288
0.49207803801280814
0.4929125129452676
0.49249721804086827
0.49239776491663695
0.4918456437032623
0.49179125730935025
0.4909473815925406
0.4902912763567664
0.4898804499873154
0.4901609634962075
0.4913811884551282
0.4921725120715801
0.49121003190257917
0.4898831887927312
0.490015146747977
0.4901042783205642
0.49068150746064265
0.4922835993755973
0.49263996721100106
0.49116506854277225
0.49114776970842666
0.491899662635893
0.492463782818867
0.4928321819257413
0.4931854718633413
0.49289694348801333
0.49305901928762935
0.4928954351320009
0.49303711432614494
0.4938449272809911
0.4904791716622273
0.4888473203300685
0.4886389472358273
0.4887557003543911
0.4886199038297822
0.48925836371411435
0.48798066235172394
0.48946762944059785
0.4895934988713204
0.4893449513473877
0.4893930537200461
0.4893823153316125
0.49032382669137925
0.4904081018563161
0.490072966467551
0.4897951994977978
0.4901122076714274
0.4901062881297217
0.4891667650542304
0.4904382395758216
0.4898914029845285
0.49085498248278336
0.49068914906207306
0.49023009710151494
0.4907460268029044
0.489633706844715
0.48937896828128374
0.4903072067833111
0.4882837825717927
0.48885316930997974
0.48933141257552176
0.4897455408545435
0.48985737763121634
0.49020663659858493
0.48973563205103293
0.4910614013441531
0.4911851654500836
0.492326819494106
0.49317333122748874
0.4939355128318135
0.4942018209676407
0.49426215586875866
0.4933566616931974
0.49342647820134505
0.4946782489965877
0.49490844273970136
0.4946217433382754
0.4956340605176516
0.4959704927936192
0.4961397269184385
0.49612567855769285
0.49638606614686454
0.4963374719317269
0.4973251059458612
0.49693826890927706
0.49686303606680815
0.4975514880206786
0.49755199320556676
0.4986577039708686
0.4982452782022149
0.4984125560410928
0.497673539836413
0.49782113165630465
0.498266302156788
0.4980111463233588
0.49833174203736597
0.4997528587622261
0.5001802987227373
0.5014582621845269
0.50149833894841
0.5013986808739359
0.5014751134127644
0.5007289991558103
0.5000564215695037
0.5001372139023964
0.4984395386025161
0.49830601564527055
0.49800411695656116
0.4974780227880406
0.49736575375887965
0.497772244290956
0.4979523746058601
0.4980395631797747
0.4982391965362232
0.4962087699871036
0.4943840147488835
0.4943252925372415
0.4944839308570458
0.49472670553619863
0.49508854560901594
0.49528335418943625
0.49543956527843813
0.49524818110086155
0.49454141349677105
0.4949358564683262
0.49516650951108776
0.49444762131153125
0.4933204891373735
0.4945721650548228
0.4953242651280524
0.49566019757423696
0.49390616359864237
0.4938266289125768
0.4912105341995029
0.49122036847007755
0.4909670635078927
0.4919012028255898
0.49201252524965117
0.4917969223702906
0.49147674629077204
0.4913586613816878
0.49080262379066353
0.4906488883413468
0.4918310641147365
0.4915563718995755
0.49164016261653487
0.4924946151949538
0.4924119628590118
0.49253424585054234
0.4926914827771657
0.49214962395627593
0.49135829417901083
0.49119138889720365
0.49146298219480394
0.4916316251097398
0.49267446003988846
0.49385688422397406
0.4948315088703757
0.49614797226455876
0.49556432408480033
0.495593224767684
0.4949212328105891
0.4959485207135386
0.4956541147791486
0.49580067205929357
0.49475528548761155
0.49466664348473033
0.4944247023903395
0.4935942310441259
0.4944338049540445
0.4943071323081099
0.4944510685533154
0.4953331448626945
0.4954834841797252
0.49496189240956007
0.49537232553975047
0.4952819197459002
0.4959950599434686
0.49636485397539026
0.4963363968830729
0.4961878658811099
0.4961662328976672
0.4955941352729786
0.49593123159621216
0.49673286462231137
0.4966402708322719
0.4969006313098064
0.4967950821311108
0.49627198059623623
0.49619542634258224
0.49678495326482713
0.49700808450942396
0.49592369347691234
0.4961701538939245
0.4962832605743777
0.49578807901110866
0.4959346851826041
0.49613126426165316
0.4956648054645599
0.49498798293708823
0.4947349563545599
0.49483224492319483
0.49482388159897733
0.4950012210860795
0.49504896517824043
0.49492999810674704
0.49490171119483933
0.4946659251874281
0.4941182495266298
0.4939791759183963
0.4947541936493204
0.4953221840622924
0.4950794653828776
0.4949889264553494
0.49419712972580726
0.4940713666234822
0.49509141409147245
0.495405067817614
0.4955504607522332
0.49644242684662293
0.4975610838834142
0.49660903451175803
0.496980051402354
0.4979584209293948
0.4989018969151918
0.4998949635203277
0.49947826533378364
0.4993855770330905
0.4996097895239838
0.4996489535692276
0.5006667100315431
0.4995793541955872
0.5003539689593646
0.5002612666204372
0.5003352830743992
0.5004204511760376
0.5004722602269541
0.49977352516259405
0.49984115586480965
0.4996993762715704
0.500312909675721
0.5005739024384122
0.500309861280852
0.4998717055471596
0.5008370395992057
0.5008679564392691
0.50092786771022
0.5011701294360911
0.5004064954090625
0.500956719986763
0.5006073029951351
0.5012850457009137
0.5021612980151011
0.5022258578399036
0.5029167555609663
0.5035706755292979
0.5042330873674145
0.5043232855665651
0.5046656572434491
0.5046660274371544
0.5045601827988581
0.5043590211473973
0.5053924618095813
0.5056255928854394
0.5054454456684092
0.5062483108360352
0.506165756235021
0.5066362672574304
0.5060513815393305
0.5070487474098808
0.5068684041967909
0.506964043750817
0.5071588543440494
0.5077925680228834
0.5072179791609871
0.5077495201726844
0.5081680024393894
0.5080669894437796
0.5076438380051834
0.5061564588431728
0.5067923275266503
0.5069475641513862
0.5067653758446896
0.5072783714302664
0.5081274434765164
0.5092319402145892
0.5074048526612306
0.5075868586342578
0.5069627390966168
0.5075051343891536
0.5056201113090094
0.5064168585737242
0.5056758631049688
0.5056453931283833
0.5042347343726482
0.5044205553125278
0.5049652892019959
0.5051485828673559
0.5051407235575639
0.5051783630895387
0.5051395412273624
0.5047518127282911
0.5043547175682119
0.5041821502053505
0.5042351618491125
0.5040876687419865
0.5046687122957516
0.5045875425036974
0.5047644047602283
0.5046795372870478
0.5051421008863782
0.5036410941448902
0.5043220966029063
0.5028041741023845
0.5028360663731486
0.5031125430156127
0.5032133557785784
0.5032384208604785
0.5030013239366207
0.5035961902813894
0.5041663775885217
0.5023383795918833
0.5023963637869324
0.5024303589136125
0.5015073468064724
0.500866276617885
0.500250997897357
0.5003927613709713
0.5002085168391844
0.500216681974953
0.4998412417632232
0.5000801798862109
0.4997452526467769
0.5001518808636712
0.5005207681721511
0.5007384778373023
0.5006373746427935
0.4990471554240683
0.4991380265595347
0.4964824122342604
0.4968539029035428
0.49713977371289186
0.49506329128910764
0.49549281302525283
0.4937812660153038
0.4924019301149583
0.4925692074405054
0.492902765432954
0.492960126439987
0.4934588703048708
0.49416019134130423
0.493874035365321
0.49413329800370764
0.49418979303549
0.49427757767222813
0.49445112079231024
0.49449790351420936
0.49488178480667827
0.4948881469576748
0.4949515921703222
0.49520942956716507
0.4951823506322235
0.49411023615161986
0.49476242854462044
0.4932996404248849
0.49383460074426516
0.49405294642081793
0.49413137760338227
0.4942100845481793
0.49437545172410624
0.4947238478527902
0.49406012105640673
0.49405416952978465
0.4941776216854282
0.4941837572554985
0.49397909723972505
0.49404963209294483
0.4941265830873121
0.49421153045741695
0.4943160312936475
0.49468942173237446
0.49478149595216375
0.49570907493924055
0.4956846070099096
0.4956903452909507
0.4958118350468772
0.4939159280339095
0.49373989300791077
0.49380447587896875
0.4937496465220166
0.4938993469703209
0.49385160386730437
0.49363342947573424
0.4943550497010977
0.49421129374318745
0.4946522186266353
0.49438837261951385
0.4933335263527005
0.49352480837280144
0.49425215292933655
0.49490189296431464
0.493433638168642
0.4935298675695539
0.4933395080534187
0.49259706974864403
0.49298738991852686
0.49343313450358034
0.4934851457506441
0.49351922774775475
0.49307661003016484
0.4930481703144611
0.49258555803549525
0.49281810032273027
0.49353069905439856
0.4943016377861176
0.4949226247610328
0.4949339211479645
0.495112391575742
0.4947063493343202
0.49453416469283396
0.49452739302287674
0.49478745346210073
0.49562613414990103
0.4958753872893026
0.496366186985419
0.4964922246687941
0.4965404177577537
0.49687460671718353
0.4970434137156184
0.49698991310607876
0.4973311966998197
0.4971137745216183
0.49747876552956427
0.4970573943764259
0.4971507050939468
0.49682439378595267
0.4970123345276443
0.4976137130515009
0.49670592706544436
0.49675061522537056
0.4973851014613916
0.49703930076037567
0.49720372781846517
0.4976107582377081
0.4976629459565933
0.4978783926918679
0.4980225247427189
0.49854520889423015
0.49833459629411975
0.4980134920751034
0.497589242118717
0.4979380822987818
0.49862139184954896
0.49867597176628686
0.49865716841656793
0.4994631510903789
0.4991494368386221
0.4990688920086693
0.4991767823411653
0.49911532156141414
0.4989052180072886
0.4992368704937117
0.4995045507388036
0.49957648326498677
0.4991107926814385
0.4994171762588097
0.4990171883032016
0.49876191662016744
0.49857375947316507
0.4987888244420296
0.4987202015449365
0.49899440136325396
0.4980330326275343
0.4980088506528573
0.49838617170752175
0.49866896761200846
0.49869382134834106
0.49829810858916396
0.4983766636313058
0.49660099468266744
0.49696270973235335
0.4968114854202897
0.4974713228520047
0.49750712215903653
0.4970906435790904
0.4974977431758386
0.49710922348836956
0.4979772954776258
0.49804164831101233
0.49809466183664464
0.49886286079030895
0.4996206460269878
0.5002280090823088
0.5002840345899693
0.5003424947240267
0.5003519615629712
0.5006030326699483
0.5006233551008329
0.500540492006529
0.500036667752568
0.49912119898604507
0.4972837131452834
0.4973572881834459
0.497699400348394
0.49799833505590113
0.49784378018438197
0.49711299183300195
0.49709728198103637
0.496649346353693
0.4959719086165972
0.4952021201831025
0.49379374140221666
0.4938690242079054
0.49476841580830444
0.49527937891176527
0.4953236094261836
0.4961029986573549
0.496057848682025
0.4962149718599715
0.4962050971675163
0.49656482987218925
0.4959907545014589
0.49613559268881546
0.4949298519858643
0.4949415842138191
0.4949133841860563
0.4949139285356063
0.49459184564884695
0.4953458297452168
0.49536871418757733
0.49488858246690043
0.49503681542249456
0.49502692341633353
0.49459918992385493
0.49511276464693094
0.49495830827265513
0.4951177512237006
0.49509035641059024
0.49511584864581026
0.49524094078431263
0.49531259938687383
0.4953920785336528
0.4949319510997479
0.4945362435283174
0.4943793336569253
0.49430398246780216
0.4936774247070847
0.4928193598003716
0.492750026140468
0.49327649095085363
0.4934688779887925
0.49365384292193176
0.49382430628892665
0.4941000940414769
0.4945347115965428
0.4945451870204888
0.49428907290882923
0.4944616574888053
0.49453922091611435
0.49452031415498166
0.49478764017462484
0.494816701995173
0.4951249940283276
0.49424819654395274
0.4949746908219492
0.49478692307018535
0.49481385076693746
0.49392602724044765
0.493034014145444
0.4922404413687809
0.4917660972001632
0.49183563908084915
0.4923625009124263
0.493109234427538
0.49336388158769173
0.4931583236488304
0.49253936989579283
0.49204648304166637
0.4920746845798678
0.4918958596435601
0.4916894010182291
0.4913726437175615
0.49199502118109345
0.4920557473580565
0.4920574753067985
0.492564859930524
0.49247435425222796
0.4918873669994904
0.49229654185796023
0.4925005817316781
0.49262941600701315
0.4929390905238172
0.492780597858728
0.4929743362452547
0.49242118306512284
0.4923037593969008
0.4923689853967981
0.49232968278193623
0.4925123504771223
0.49328325876787116
0.49332458223267556
0.49317048902283245
0.49383292685409796
0.4935049769498909
0.4934758544075442
0.49351040595924167
0.49341541417147133
0.49376812043541496
0.49376107080362514
0.4942816703783372
0.4940564388290318
0.4942291222930079
0.49408897606659946
0.49456031698249814
0.49485508319533833
0.4945999190081259
0.49457638972352974
0.4947047625325477
0.4945981406453833
0.49481493841589613
0.4949686928943231
0.4947194623429973
0.4934593795390691
0.4933953442595483
0.49353542998216104
0.4935556438280321
0.4935001532123755
0.49349114447794457
0.4933821256382639
0.4932297764923603
0.4931129203107641
0.4936525820216359
0.4943926988764379
0.4943458256604174
0.49451651382198897
0.4932508809135585
0.4933326600982317
0.4936500224160055
0.49357441419130776
0.4935239558173881
0.493314627214009
0.49384450358451704
0.4935840918670964
0.493476379319935
0.4934986100185258
0.494131497088487
0.494272303076149
0.49418809529027874
0.49466551347951637
0.4947098264500618
0.4946708967308183
0.49304669626941205
0.4930634065093149
0.4930950447375231
0.49229084091536035
0.4927015088744229
0.4927996416772689
0.49258910349755797
0.492503912605711
0.49252795605287514
0.4929583630790103
0.4928460330577547
0.4920024127359572
0.4920468506440855
0.49212290681008974
0.4917635579226338
0.4917830583000465
0.4920928962762914
0.4922712661232724
0.4912288904739491
0.49127413666762487
0.49127292888904356
0.491201916726075
0.49182608768368896
0.4919049154833356
0.4915623655787087
0.4917512702577932
0.49170868339700985
0.49182696001080506
0.49200432992500104
0.4925258563818935
0.49163690724699427
0.49174027551001276
0.4912769459726776
0.4909235837921616
0.49097093163248084
0.49014972287448144
0.4905024415903208
0.4909300285833324
0.4911335006352609
0.4910108854669025
0.4903802781426989
0.49116708781326013
0.4904860322630823
0.49016674982877656
0.49083738866897897
0.49094113817956014
0.4910548092144802
0.4910757178721181
0.49050223850076985
0.490533845441969
0.49066570785137614
0.49041741952101425
0.4906352696204905
0.4905568233615269
0.49068388870667473
0.4903967129410683
0.49054445218675863
0.49035735075427067
0.4899678099901158
0.48958465298133597
0.4878957978318572
0.4879376984702639
0.48776010136855175
0.48784322756339954
0.4878361258880693
0.48811194918265366
0.4861962981805018
0.48627722536963597
0.48621650700477076
0.48629417290693594
0.4867202601987581
0.4866543923469393
0.48637608291762474
0.48663239624516036
0.48663156241693606
0.4864914954641187
0.4866074307819128
0.4850554448558313
0.4851336664468487
0.4856602932599825
0.4854444484862343
0.4857818877138296
0.48588799921188175
0.4860377712354721
0.4856420646911595
0.48565612827429966
0.48610434834917704
0.4862188397836564
0.48674433179780896
0.48726680625130353
0.48701365253507145
0.48739967635405007
0.48749115779362934
0.4879004551087685
0.48739758170893044
0.48743020575485707
0.48753581870738366
0.487714341959096
0.4881125474420211
0.48781334623580835
0.48762275388987064
0.48765343618057033
0.4868860979345643
0.4863950786407539
0.48640243819375295
0.4854177429823457
0.48543402018103027
0.4850992433798797
0.4849527267554443
0.4843777374843924
0.48438032118154223
0.48425861045158985
0.48469767765474586
0.485095098783602
0.48572617076899616
0.4859956646877355
0.4858600060198637
0.4861767560473553
0.48659161134772533
0.4863293203390479
0.48631387096330403
0.4866325575754745
0.48676662397487347
0.48596303110907285
0.48583606669649704
0.48583173316032496
0.48583237692798953
0.48590552532782816
0.48565801358020305
0.4857687267593406
0.4859690271877587
0.4858516576107493
0.48575505099472993
0.48561033872789355
0.4858423606336528
0.4855080611634913
0.4853508510360766
0.48519384062045984
0.48425857906656083
0.4845376297175118
0.4852527491348745
0.4848849819651369
0.48523851046196254
0.48565214007125995
0.48563376451357093
0.4851657367548461
0.48542686727969614
0.4859375873289911
0.4860680280666454
0.48604289140916956
0.48609687910059385
0.48642372970300296
0.4861894208747078
0.4862427619339489
0.48638093008633426
0.4859820022211544
0.4860138806664534
0.4861279501758595
0.4865315771123738
0.48565328257731344
0.48566927744214206
0.484781489957447
0.4847802585118817
0.4846435622904132
0.48458169015275226
0.4843496585980747
0.48431642762488036
0.4843907699560858
0.48405062197444165
0.4846979107460099
0.4849952620350818
0.4845970686985584
0.48461958967279795
0.4846759975112987
0.4847806628010801
0.4849806040043254
0.48525567482302545
0.48479781848163145
0.4853810773174006
0.4852326183428002
0.485195960917573
0.48495077618260807
0.485202346142684
0.48518441681535446
0.48462998009872615
0.4851545820858763
0.48510930603685104
0.48576968914177543
0.4857207408687961
0.4857620332559215
0.4862964267539101
0.4865455390164327
0.4866567359450828
0.48716394631774523
0.48779658204713
0.4876375803712451
0.4871314295692284
0.4871527378113766
0.4871178044128383
0.48716437274779956
0.48710777804569805
0.4871414242517252
0.48708283416270165
0.4872911351680398
0.48737254567937394
0.48731931367740233
0.4874965559518624
0.4864237205001099
0.48625403771084796
0.486283959505079
0.48629016976346345
0.48620074426563853
0.48606688499654077
0.4861748623558834
0.4862192788111757
0.48629451969862453
0.48547414222146557
0.4856557531385263
0.4857619143545375
0.4859377863338142
0.4851936254844146
0.48583037476770796
0.48590628137093983
0.4866037206519606
0.4866690509528226
0.48635714894320653
0.48642006168349566
0.4860396892526848
0.4861844140385063
0.48640065756030865
0.48663288511173364
0.48641340711573916
0.48626426221522506
0.4861761797674175
0.48618570329246885
0.4862702938826155
0.4852022088126979
0.48509804396178163
0.485236817283372
0.4851743456463355
0.4855309963789038
0.4856663178029006
0.48544763377756744
0.4852632992673826
0.48548703657739245
0.48436818836861933
0.48414669801504345
0.4842383938519065
0.48430811890397746
0.48434837633473404
0.4845119093943679
0.48498708827712783
0.48565648017652563
0.4856290505769563
0.4857306109547149
0.4848586533996223
0.4848552872318487
0.48549162999195355
0.4854998047406193
0.485518671899464
0.4854588071818526
0.4852707139027267
0.485242890632796
0.48553534086142264
0.4859410804691027
0.4858173136305303
0.48570410187056007
0.4854000960232621
0.48563663237816623
0.4844816646613736
0.4850054981334403
0.48520979400597725
0.48470728460779333
0.4844066609906592
0.4838601240639259
0.48372511393701967
0.4842670183279156
0.48349386191702065
0.48385677211611744
0.4839412724607098
0.4839132144478943
0.48357667073352717
0.4835074819166392
0.48328051486432233
0.48299753360679315
0.4831357939735796
0.4831900026686621
0.483020469073157
0.4826795917868556
0.48167687733787384
0.4817485244838235
0.48148230768434436
0.48106942297476096
0.4816754929902238
0.48191225441940716
0.48232609213451166
0.4823022841360869
0.48251378120825983
0.48256986080619974
0.48267569779217895
0.48268226363902783
0.48258947465572566
0.48275449175105456
0.4827788006436086
0.48277258859095384
0.482615960824663
0.4829152302147252
0.4831735329189088
0.4829184427328245
0.48331892221348893
0.4829995819744795
0.4831431582797426
0.48302833520136534
0.48303512411717187
0.48296526222998326
0.48292268658582305
0.4826583854752277
0.4827809162306903
0.48308347149419784
0.48306476573923346
0.48334459978688604
0.48336445689396734
0.48270071587434693
0.48230859511786744
0.4827485928260794
0.48244849397865924
0.4825242868249762
0.4820898886813813
0.4820832055243568
0.4821523854574681
0.4818817966920164
0.4822882409262095
0.48254256360790543
0.48224096091971175
0.48217127785149605
0.4822442517780082
0.48165826760493907
0.481670682148399
0.48078778033483954
0.4805839185027728
0.48080985528433073
0.4807603164759166
0.4809144474094952
0.4809308749597756
0.48097230334261704
0.4810136566002671
0.4815238600054588
0.4816350805520871
0.48106785504717653
0.4811959622650781
0.48115150608985396
0.4808890650966087
0.48060734381909537
0.4811632072080018
0.48117302979100546
0.4815344703373795
0.4801192997546834
0.4801670330172297
0.4803360660560097
0.4803872741345431
0.4805041012792014
0.48011446979472705
0.48020464243763555
0.4804440505174824
0.4809465058121959
0.48099383245518906
0.4816111119125079
0.4814179042705995
0.48159210171416766
0.48162842297232733
0.4816218720682675
0.48190014855297764
0.4819902909253808
0.4819307222898602
0.4823590885134452
0.482803058796148
0.48263745054451257
0.48312045789852126
0.48364482838238326
0.4835842927320838
0.4837400960168596
0.48361719338075443
0.4835632086647271
0.4835283834804115
0.48322839058591227
0.4832977965655991
0.48332200238290013
0.4830367208561852
0.4828375902088802
0.4828492330474414
0.4832209051128773
0.48346604497853995
0.48374436821566946
0.4831904097065755
0.4829214504307382
0.48273881117224376
0.48247586549089516
0.48280694856775996
0.48327035787917977
0.48330467126850873
0.48329957243743255
0.4834872750882075
0.48339654542247806
0.4823328657988546
0.4818050715075752
0.48143578094086853
0.4808911878928033
0.4811559016013756
0.47995314818178536
0.48033129631989097
0.4803412802407422
0.48006660886247493
0.480318043450521
0.4798420096638947
0.48006962088695176
0.48021870604206707
0.48009213294888015
0.4804814339173301
0.4800072061339036
0.47982552610894125
0.48041620968360177
0.48022063976723317
0.480830886254991
0.4810776300026604
0.4809082065150265
0.4809881130148102
0.4814942189319058
0.48188793465595203
0.4820493945368439
0.48214134707336254
0.4820471951172982
0.48159040675931336
0.4807050685013903
0.48080791710694576
0.4812065128748875
0.481269745576035
0.4812866605815594
0.48088317721270674
0.48054233033146565
0.48022861802235883
0.4802586843492543
0.4804023711018947
0.48023233654227393
0.4798507214592095
0.47955544367058794
0.4799799690527775
0.47947508286171253
0.4796268573278935
0.47958489673511384
0.4796152068010635
0.47965562840946074
0.4799267184743143
0.4800835300370196
0.4795384336385122
0.47955711897766845
0.4798629795476326
0.4791632307990797
0.479076345666165
0.4793167485004681
0.47925023593852123
0.4789469545158136
0.4789924173365231
0.4789550925391286
0.47899990375105994
0.4789832812754441
0.47887981716990324
0.4788984591796649
0.4787251199926176
0.478637225279301
0.4785568943302642
0.47856876633546735
0.47823746469826856
0.4785719478189964
0.47859684516295625
0.4789096575840985
0.4783947133841831
0.4784982831108834
0.4785791438667542
0.4782362777717535
0.4782008428211838
0.4782033142239597
0.47822610160368084
0.47832185079136147
0.47838596269131395
0.47837139260590683
0.4787203980606061
0.478309932282256
0.4783681491380312
0.4784241793034454
0.47834794709990835
0.4779404067218302
0.47796711669957737
0.478351298817
0.4787085925845048
0.47907982889550005
0.4791880772024253
0.4792332680986016
0.4791279889224919
0.4794940450256244
0.47952544078652204
0.4791901408094692
0.4792191228643616
0.47916029456072173
0.478758773810363
0.4787744931062355
0.47863328855104753
0.4791966908720708
0.47954710439248965
0.4800353625214488
0.4798854050705914
0.47980545386359735
0.47949321983468257
0.47879954846615735
0.47898238531749004
0.47885650036307814
0.4784617108706527
0.4775366500183709
0.47758113133472935
0.4775825869915763
0.4775418532844071
0.4779705327757474
0.47836040238868166
0.4784944866453112
0.47822364678275164
0.47835432991987886
0.4787990006349374
0.4788014729971537
0.4775181931932505
0.47750974554670905
0.4775161885002796
0.4775392126069478
0.4775148736706354
0.4776027081660132
0.4775691383984934
0.4778420267343221
0.4778081351964596
0.4777717055153759
0.4781643290319652
0.4781444160307736
0.4780771751847874
0.4780880101689059
0.47835921550342003
0.4785525491721472
0.4785740834833734
0.47906584184293427
0.4792524477794221
0.47808220331890516
0.4786161992996921
0.4789528867967538
0.47892130210030825
0.4792933874539521
0.47853058986021896
0.47833872639390956
0.4784175363077686
0.47740162530425595
0.4774100935354574
0.4777944320361877
0.47780436395038783
0.4776033547919559
0.4773714858851846
0.4771007718707634
0.4767037723624674
0.4766745696547722
0.47678871271929696
0.4768571427218233
0.4765458467553326
0.47639442824196904
0.47682079009256106
0.47697647619317507
0.4769624212227846
0.47729709558892186
0.47739110795878814
0.4770031545726433
0.47697577841858824
0.47730806479608623
0.47734692091612385
0.4774250053781105
0.47709167904854366
0.477278486024034
0.47767049714004084
0.4777783714994965
0.478077637734205
0.4781444480195737
0.4777108264051798
0.4774248492022118
0.477182634057218
0.4758904876625264
0.4757660035102499
0.4756639685392044
0.4753204791910505
0.4756540235213406
0.4759154885965589
0.4759646624201053
0.47586259538630166
0.4759529479203981
0.475960592840025
0.47594209216916583
0.47619939188315036
0.4762200508471909
0.47639597179727206
0.47643357857668983
0.4765534135232199
0.47694511915149235
0.4769886614286761
0.47666033647778583
0.4765446401151559
0.4762402559198523
0.4761829920071876
0.4761931512722745
0.4766524393831618
0.47592116771824533
0.4760008097145575
0.4756656566099144
0.4757230084949246
0.47566309944433743
0.4757507461167041
0.47614809260416796
0.47628249046236715
0.4759357130650529
0.475927899353871
0.47603883589454626
0.4758009516609438
0.4757958578234784
0.4757229445293609
0.47584206139865654
0.4759586041219003
0.4756637373205001
0.4755859351884415
0.4760700814397216
0.4760333063673378
0.4755161587949216
0.47553485571938475
0.47588788695292367
0.4761970185753103
0.4761513771125558
0.47605246213286023
0.4761378659779264
0.47615715408957765
0.47606667077085735
0.47575014072773775
0.47625140845755903
0.47646384606843145
0.4764082235523824
0.4767808935378324
0.4769909608251383
0.47745803462936914
0.4772802690673862
0.4767663250256544
0.47674324696697706
0.4767735022692805
0.4770385295881038
0.4768562629194051
0.4771581057581866
0.47634850631677866
0.47628208021229157
0.4760560422165557
0.4760034055002138
0.47605640968771684
0.4756848572252231
0.47608271797880103
0.4765775604386518
0.4764484631186091
0.4761024829124129
0.47600219263805477
0.47575287696103113
0.47612685643384006
0.4766045691929867
0.4765694955266459
0.47653015168899676
0.4764496960783556
0.47619834765118546
0.47618468213104564
0.4765487337661993
0.4767176849244563
0.47651097566878403
0.4766924167887575
0.47643246047001436
0.4757397845501503
0.4760667709804867
0.47615790940514763
0.47636301014238613
0.47652174507381095
0.47661876522799385
0.4770086325992767
0.4773649443241002
0.4774534163892011
0.4764414128995607
0.47642489965858276
0.4767975051160032
0.47642287137121764
0.47664415295196516
0.4769118329038743
0.4771857896376421
0.476902096154588
0.4771044220540214
0.47723535463172345
0.4768905065594766
0.47721510905216186
0.4768720278142624
0.476890258766304
0.4763258837820171
0.47633954476659873
0.47610832409785103
0.4761946453549649
0.47643847414281376
0.47648027145038807
0.47625206540539455
0.4763407468177884
0.47658361917173653
0.4764280034290392
0.4769219674828354
0.4771645821720613
0.4771381945888994
0.47713559177049697
0.47725414805356514
0.4766852247745848
0.4768587600313886
0.4762487655046903
0.4763093513101376
0.47627601873902936
0.47635619718455574
0.47650857236169003
0.4764721388899788
0.4764523170138044
0.47639056903676846
0.4758986346558603
0.47614442142226254
0.47585027659275425
0.475637945649967
0.47563060673290086
0.47599156908213
0.4761979335629838
0.47632833452706375
0.4764536597559692
0.4765009539391966
0.47674543804100633
0.47687007993460523
0.4765970470705143
0.4763637584581507
0.47668593196039355
0.4766532486025691
0.4770031860985661
0.47739726584143577
0.4774252882862916
0.47755142893207736
0.47762619217125224
0.47763483976099724
0.47804207111948605
0.47810695932975833
0.47811036097961696
0.47843234709743154
0.4785973940841509
0.4782820407005513
0.4782499013592586
0.47822862546242806
0.47874232582520626
0.4782065686176786
0.4780249545380805
0.476868124248218
0.47696979037695014
0.4770880958978054
0.47714676389951466
0.4772966813685673
0.47732220029597466
0.4774052013649921
0.4774195611973338
0.47784616671707625
0.4781852378669826
0.4782621785000695
0.47832308536057794
0.4785767837898071
0.478320508755166
0.4783182083581467
0.4786676395064296
0.4787960228206744
0.478950625901504
0.47898834400306695
0.47898983613506907
0.4789934452204905
0.4790007829942512
0.47900674963313666
0.4790187062079317
0.4790159602202222
0.4790525180196863
0.4792106565592198
0.47908486673090517
0.47906514599980654
0.4790810195435137
0.4789388667770949
0.47892949767770204
0.47820326942894487
0.47830829275795717
0.4783488987343506
0.4780616611351899
0.47831048591543324
0.47857100942949926
0.47806362969210736
0.4781426051528255
0.4782316200432423
0.478381287354482
0.4784522830679355
0.4788025626519218
0.47871251778035745
0.47877983867447577
0.47873861673940415
0.4787450976462592
0.47818570645668473
0.47810551583336997
0.47814987169788553
0.4784700326363601
0.4784855252450626
0.47859073120146156
0.4786545485097199
0.4786248103169137
0.47884683977424
0.47888517775794043
0.47888650233018126
0.4787399254315693
0.47866725286865386
0.4786732430383879
0.47905967533626115
0.4789728193348284
0.4788503682773203
0.47810461629281276
0.47810581816424996
0.4783431659732224
0.47814233675485074
0.4782863234083925
0.47851593247001295
0.4785469477416066
0.47859515391270674
0.47874432924602434
0.4790867635859532
0.47921956394651355
0.4797131113316756
0.47969465535439515
0.4795718858056927
0.47971070205229743
0.47968052159925717
0.47937820243265705
0.47931291982594265
0.4793079282610956
0.4792476662479201
0.4792432358333031
0.47944779530938786
0.4792195732324802
0.4794564010323199
0.4794605890383797
0.4797937114314622
0.4800445945418671
0.47951648308472955
0.47950352837328897
0.47987826743779066
0.4801773750362579
0.48031047351838
0.4802325169819473
0.47977575558859914
0.47980756407310843
0.48001137798931187
0.480038410943945
0.4802067143633395
0.4801731466746262
0.48029241028304515
0.48015069993128795
0.48014211867279516
0.48025098722760656
0.4802578307276375
0.47990757137397355
0.4797946842184671
0.47986482797454777
0.47983754018975927
0.47970966663645276
0.479461391161081
0.479555825841086
0.47954275693062043
0.4795843062321192
0.4789382413319584
0.47892387280245663
0.4788986664991156
0.4788972133982847
0.4788743625329416
0.4789889538368896
0.4791357471608193
0.4793654180568147
0.4790373379730469
0.47876426286437634
0.47909338694730413
0.4792405579484897
0.4787842871821736
0.4788706897940835
0.4786771711017562
0.4783235508381092
0.4782425417748689
0.4781856335120365
0.4781817725228001
0.47855626615805064
0.47741558855372307
0.4776797261720938
0.47812196881671587
0.47833552936281953
0.4785506589874576
0.4787405907468719
0.478761352132244
0.4783066370490714
0.4780934158859758
0.4779651164678614
0.47829685028391483
0.4783335354877933
0.47846681558551263
0.47865669498091845
0.4790271785699631
0.4792309123082161
0.47920500164594043
0.4792751398825159
0.4792808330774555
0.47881398238412276
0.4786423732673313
0.4790650417941685
0.4790520274454527
0.4794434383587116
0.47947994545382316
0.4794849250262386
0.4792282018530681
0.47920906504348526
0.47954231607780967
0.47943750318134426
0.4796010790075452
0.47925777244680257
0.4792115104971181
0.47943355922792297
0.4793516010866617
0.4792805816706517
0.4794493782421975
0.47942999294372635
0.4797036825181978
0.4800194208295667
0.4802988425657964
0.4801438467764824
0.48036723614418225
0.48055788644245717
0.48058956325221486
0.48061485651606356
0.48073077935488695
0.4805248690877119
0.48076781569698257
0.4811625973118381
0.48129845535200666
0.48112342170969963
0.4810636062139612
0.4808983597553641
0.48109039316560437
0.4815250040093932
0.481558254207931
0.4815928289805417
0.4816548257242107
0.48189850367129927
0.4814887746302272
0.48145688034574025
0.48184833703253976
0.48208369718459027
0.4815205978819421
0.4815573618106649
0.48181271607208004
0.48177541686120007
0.481834434123512
0.4812469264902913
0.48151618406283103
0.4815299265860091
0.48150195851152133
0.4818723509050483
0.4818742070602289
0.4818112852136293
0.481435415035948
0.48133132583361693
0.48164640556515587
0.4817150856352324
0.4817555905685626
0.4815560619510854
0.481632319197769
0.4814855976940383
0.4815002224631093
0.4816056125141306
0.4817189470309958
0.4810217186557844
0.48127017976147196
0.481396353554673
0.48148499682951207
0.4814830965096968
0.481541509510693
0.4812681274288495
0.48117550208309584
0.481040360008492
0.48107307538526406
0.48132599254828085
0.4815459690339419
0.48127013374496
0.48037665712249583
0.4801404707815199
0.4802259080115215
0.48051312354486236
0.4803092592914415
0.47984077899811
0.479804594842595
0.4790208188260633
0.4790730405515706
0.4793164501205019
0.4791414904232016
0.4791475097193789
0.47950918354795136
0.4798543448770071
0.47964645016045465
0.4796930548811124
0.4796878795339286
0.4797489709380324
0.47911173120153305
0.4791133084743187
0.47940290538647745
0.47943632938096736
0.47945357420093443
0.4792634099228099
0.47926417820310474
0.4794550987082089
0.4798518209058404
0.47981012672711204
0.4801884134236554
0.4802545433422997
0.48024714666396223
0.48028215414700604
0.4802676653665661
0.4804414069636403
0.48026380102963734
0.47948027371552415
0.4793372632531009
0.4793864348202043
0.47932950929592016
0.47914735634004846
0.47924574326597935
0.4792380390603738
0.47917394372744765
0.4793041452876392
0.4793502612157532
0.47935420975999044
0.4793551547560096
0.47953779217562603
0.47986338948890356
0.4798486587805734
0.4798510479494194
0.48029810227630104
0.4802311096647309
0.4803316761369351
0.48032650265839777
0.48019076806662975
0.4802848537849868
0.48019521091128453
0.4803299777828324
0.4803278524679533
0.48041979150050307
0.4805512344079801
0.48068898819512557
0.4810075917580759
0.4810360240386691
0.4810364996852467
0.4812021471970723
0.48143406837644326
0.48123204347482246
0.48152387586824447
0.48142496842785937
0.48114354042053703
0.48136899364264635
0.48137057408177936
0.48110858619136093
0.4805959204600906
0.4806785782214545
0.48108656444562914
0.48144944830409736
0.48159105876456904
0.4814950471553704
0.4815902042881511
0.48134851857548144
0.48157109220902905
0.48148868282151785
0.481150746142171
0.48129265694371004
0.48135159123320576
0.4810863894757467
0.4806894520010564
0.48058580865115547
0.48078719784434887
0.48073568969381736
0.4804762364680318
0.48048908661329737
0.48039564719733985
0.48057226070868336
0.4804645492938427
0.48051944211414255
0.48057592411510075
0.480844790974731
0.48112585388497553
0.4809534085916271
0.4809098446725017
0.48101225185335245
0.4808130375058685
0.48090822684552076
0.4811016914061394
0.4811853034422802
0.48099315039843016
0.48129652451789495
0.4813102658967719
0.48153796756700457
0.48159014442505194
0.4815878862718584
0.4818237763916419
0.48159415790032256
0.4816350281511419
0.48156908906615875
0.48139191565551614
0.48113392567496605
0.4811971139384573
0.4810849150664549
0.48110298256669226
0.4814436782096351
0.4812530968782437
0.48142253390017303
0.4814693786107308
0.48120887161550957
0.4810756376397683
0.4810814120181324
0.4809960885061
0.4803439313387619
0.4801660129523901
0.48017842664757804
0.47988268354237884
0.4795840933382413
0.47949142578282744
0.479831625218367
0.4799069603275981
0.4797137151233408
0.4798088059968904
0.47990867770839973
0.4800362830551264
0.4800524441482894
0.48003089263880183
0.479958023390085
0.48019992116829724
0.4801914489579568
0.48020188560755694
0.48003337612128555
0.4803242215122457
0.4801728875545555
0.48005811491444444
0.4801001450316169
0.480113431577601
0.48040682098743426
0.48037764231956515
0.479820864900972
0.47985375559594934
0.4798237415770666
0.4798093150474461
0.4796942008509574
0.47930875803115086
0.47946809153285336
0.4795557523029703
0.479979934634913
0.4802255564163987
0.48016022803991876
0.48006870659315115
0.48006968780136394
0.47998424214264684
0.4802030343177117
0.4802382040462586
0.4805350206147882
0.4804456003488989
0.4806891320972931
0.4806920861516682
0.48057595638664763
0.4805218347572269
0.48043346334867376
0.48043022418041464
0.4794257435993007
0.47979646294924083
0.47982877804902696
0.4800540128881635
0.48034784654704227
0.48033649237080545
0.48034840468028905
0.48020487675796897
0.4804088986617657
0.4803532039435756
0.4801997110662195
0.4799467639495523
0.4794987234601492
0.4789280957687087
0.4788650420402049
0.4785238475820931
0.47861305698643264
0.4785980427188564
0.4787789244762412
0.47878030274541045
0.47858596761944733
0.4788334120346262
0.4788918798066831
0.4787495726917291
0.4785302225609552
0.4786186478700462
0.47861442996176595
0.47874623197835614
0.4784804848887107
0.47848819063827736
0.47855222617063864
0.4786368705418165
0.47874741719378683
0.47853696449518957
0.47884362276283293
0.4781248841842226
0.4781880681989994
0.4782587058700069
0.47827282773653096
0.47824515012700686
0.4783320882929299
0.47834504273069095
0.4783089888049251
0.4782261801722995
0.47801425556437316
0.4784214024429858
0.478720975741848
0.47876625086652463
0.47879166485574987
0.4786650600187173
0.4789278152563358
0.47869275605459166
0.4787551193236839
0.479129816149986
0.4790735927697366
0.4790458312261542
0.4790964573333582
0.4794617325960467
0.47950547630435403
0.479753631111122
0.4799424664791162
0.47938918248970125
0.47941787454408297
0.479733064699142
0.47973927818348694
0.47978409092048124
0.47995803827942246
0.4801009131516083
0.4804230369100273
0.4807599036480596
0.48085571109651726
0.48100910213755504
0.48139453835584434
0.4814601097024958
0.48141814343238276
0.4813666177352369
0.4811406112568543
0.48097733077475635
0.48116956320012433
0.4811963009625394
0.4813286312297058
0.48125104971172333
0.48126378533352104
0.4812388759756879
0.4810744367131539
0.4808843832150864
0.4807963218803336
0.48079493233389514
0.48119832044802335
0.4812657330874326
0.48122437707873106
0.4812055100063624
0.4808453994134745
0.48043904216039457
0.4804421766967735
0.4802547515861656
0.48016332174290094
0.4800681113961565
0.48042027228896034
0.48064446240597053
0.4805858383643753
0.48063678100514107
0.4808242420921249
0.4808412875318193
0.4811493018103784
0.4811359007189082
0.48121789105494556
0.4814889278605923
0.4815998758163889
0.4817996985384032
0.48192848581890574
0.48185387952716474
0.48196604452989866
0.48203225457821425
0.48212161723375746
0.4819414888599853
0.4820271644688196
0.48178141641542227
0.4819671299750924
0.4817599761974752
0.48163914601051705
0.48158554924677716
0.48146121026894645
0.48137060628795736
0.4816191513396078
0.4816950297649571
0.48059995307849734
0.4805883522665223
0.4808817405984102
0.4810357004553721
0.4812578172938419
0.48136364514121976
0.4814681333051217
0.48175252430274523
0.48192688344274237
0.4819874349726631
0.48149362989007355
0.48105949281483706
0.4808380814212658
0.48093384043894244
0.4804896556794583
0.4804359082138844
0.48048347601509545
0.480560613882114
0.4809111098124244
0.4803386005688122
0.4803741582826104
0.48045941555740784
0.4805192619784604
0.48038198561003687
0.4804472119861073
0.4795083152487907
0.4795187507270402
0.4795065565837867
0.47938364862400396
0.4793435961673778
0.47930148760782926
0.47857330083838073
0.4789296323354067
0.47886872582294676
0.47878699952996245
0.4784597300339331
0.47850578018410217
0.4787939661773294
0.47901271514440313
0.4790685781937402
0.47891725187863704
0.47882625689641795
0.47892804942115735
0.47919793104086983
0.47922197279032974
0.4785954140962963
0.4784856470162931
0.478369015828098
0.47835109207596455
0.4783578629764287
0.47836343038251394
0.4783747721597603
0.4786287093315788
0.4784937691096094
0.4783632328971463
0.47826706042489936
0.47809589041347444
0.478173003590786
0.47815374237489205
0.4781382259110651
0.478204001630331
0.47856189970775054
0.4785529744269898
0.47856144437006504
0.4787013794399582
0.4784976663629372
0.478380175721469
0.47822740210993925
0.4781402564497435
0.47814596770356693
0.4781445669873281
0.47827343066987626
0.47776452089569194
0.47801929864105097
0.4778377025520748
0.47786575290273403
0.4780111457749119
0.4778071828666311
0.4779385447745604
0.47761632918641755
0.4775386935847315
0.47748171040888693
0.477844426256673
0.47783773069920066
0.47782152045505183
0.47742549765909487
0.4771020019812094
0.477420215829116
0.47738705726325775
0.4774089345710169
0.4774118606699005
0.4773717874875224
0.477386412728599
0.4774588323378071
0.4771967035203484
0.476823443075738
0.4766233049136518
0.4766228649982624
0.4769433604843883
0.47695439931309663
0.4772063539997619
0.47684063940461224
0.47704073884927045
0.4770389357088624
0.47684235482157983
0.4770229932637966
0.47652779557641517
0.47684904753441054
0.47683474926602715
0.4766363639527689
0.47616344152358897
0.4764323774850927
0.47649506773630135
0.47586822661845923
0.47584579568649366
0.475999242237396
0.4759024767440855
0.47564770814386037
0.4758102094337098
0.4758352791133433
0.47564953706961266
0.4755936858574296
0.47542666603553013
0.4753505687282627
0.47565461470155523
0.4751189755963244
0.4754250949354767
0.4754153042862861
0.4754125208047759
0.4751858258176048
0.4751379272888381
0.47516222556499305
0.4752031937740555
0.474855780049336
0.47485776564009824
0.4749584287913169
0.4751299620114359
0.47512605660045276
0.4746531690558211
0.47464858126282516
0.4741741070881186
0.4743925304405918
0.4745248287139786
0.47444848680660595
0.47430730288055506
0.4740799782538923
0.47430412957060364
0.474313539870504
0.4746387038054744
0.47472035376074717
0.47475844789279786
0.4747629731062424
0.4748521724142035
0.4749688339139729
0.47511416984424143
0.4753488956926993
0.47552893385369815
0.475552162460044
0.47572942766469445
0.4757487732492136
0.475795726220109
0.4759233193675341
0.4759370590185689
0.476220425550626
0.47657118322309583
0.47634831496137325
0.4759496427587855
0.47597693391302204
0.47607625937058823
0.47616498394082124
0.4760952892571754
0.4759204137177083
0.4758402727349527
0.4760256290169522
0.47606073349340294
0.4762004721412131
0.47617667852845713
0.4764514920644326
0.47645282382676424
0.4764776016751984
0.4766783003465592
0.4769034159125094
0.47688055951124475
0.4766208460053374
0.4766141858427027
0.4766508154785346
0.47670214423897306
0.47666304281558586
0.47657217612207714
0.4765636496236098
0.47651607073558333
0.47658510446734337
0.47677144750786693
0.4769540513997711
0.4769460355808314
0.4771736096023103
0.4773654022421767
0.47713715706016857
0.47735647725215014
0.47745902551932173
0.47750643949125354
0.47767485374742497
0.4773144039623022
0.4776007257492144
0.47760719642651556
0.4778863951083127
0.4779930962992275
0.4779485926340669
0.4777687389089651
0.47801493402505707
0.47809452823116183
0.4779526925622332
0.4780391022747559
0.4783394136695024
0.47854134196924236
0.4781658262390284
0.47839873000064786
0.4785085924050785
0.478315338522469
0.4783552337081445
0.4783660029893612
0.4781421516832331
0.47827772347125813
0.4783706781631535
0.4783723068312479
0.4783314480260567
0.4783244493175227
0.47856687527636
0.4788273500934655
0.47912330448237717
0.47914996323975817
0.47929470641953903
0.4793083786316989
0.4790991737661147
0.4786761056650026
0.4786811794266943
0.4788538426006808
0.4788716108731989
0.47905154396115107
0.4790252037127329
0.4793278122575747
0.4793763876015269
0.4793414002683035
0.4793366157575487
0.4790402021984029
0.47913921435547885
0.4793302611711337
0.4792978170537812
0.4793101992920287
0.4789549014330103
0.4792506316057326
0.47941863292953396
0.47940232570212515
0.4789062948929235
0.4787696980909495
0.4787148533577746
0.478692595395767
0.47876550890988995
0.4790393412387794
0.4792282400767729
0.479227917592414
0.4792445024299531
0.47947531632331414
0.47977012877568526
0.48000064662410064
0.47995973956619886
0.48003534524470304
0.4799085166648014
0.4801619459186253
0.4802862502265799
0.4802807024797665
0.4804287312081285
0.48044341054729156
0.4807485046210021
0.4809290847942844
0.4806627674060251
0.4806662395790588
0.48058675796889255
0.4805384423665746
0.48014650317583196
0.4800656288799311
0.4801662723551417
0.4801439078808231
0.47998080577019964
0.4800267705457263
0.47990955727227114
0.47988430107398355
0.47981452264152236
0.47995380241914487
0.47998948434045136
0.4799472993773002
0.4800046366157196
0.4800315301692022
0.480230492435936
0.48022802501617373
0.4804642756814741
0.4804313796761689
0.4807237153732561
0.4807018602342302
0.48070015125674026
0.48061160726037677
0.4805069680696522
0.4805191779776693
0.480512122626257
0.48062282137162077
0.48081974275619505
0.4809065001927441
0.48048523204264953
0.48035271046108874
0.4798252901272427
0.47993140872602363
0.4799656803661327
0.4798770682227059
0.4795884760035776
0.4795801439024082
0.47956990023891166
0.4793763860201965
0.4790484527523269
0.47931276461959854
0.4792876701361109
0.47916438397184663
0.4795087908125695
0.4794854275399394
0.4790662592151998
0.47892576019441097
0.47873476446103536
0.4784182522908605
0.47838525468622634
0.4786001524757515
0.4787656014034852
0.47837798157606404
0.47846184281846876
0.4784645837387955
0.4786124638051964
0.4785684100380212
0.4787841659051398
0.4783603074771826
0.478459795663408
0.4783788497420386
0.4783705920808224
0.4782721199280668
0.47824162444616386
0.47784256545304243
0.47792727229442167
0.47736208625237087
0.47727886295289274
0.47727804898563897
0.47741431953489966
0.4774808169307341
0.4775255170281131
0.4775735992996821
0.4776137068772919
0.4776269688031714
0.4776099935252788
0.47737551069506856
0.4773762508459091
0.4772595234301869
0.47728546587013204
0.4775573957397571
0.47760225798656164
0.47754732630533386
0.4775339974753156
0.47759021381187056
0.4776141745221824
0.47786446806059224
0.47769561368194186
0.4779678973821073
0.4781701755121714
0.47817234696500893
0.4780584432487398
0.47800838955355757
0.4782121914226641
0.4783533084813757
0.4781553428315727
0.47811292671393923
0.4781803630844627
0.47793969857388025
0.47777966378571207
0.47761222130614583
0.4774652277110721
0.477413664717732
0.47730730333622434
0.47733230173171015
0.4771545371346415
0.4773470806231851
0.47678319931232027
0.47681677860874305
0.4769478667799242
0.4770484478779159
0.4770129017452292
0.4768465475188338
0.47696751483128613
0.4770715216128139
0.47726292376705826
0.47722673676831684
0.47735687111407665
0.47742649374720403
0.4774916636705182
0.477826838569613
0.4778466566151649
0.4777827522535453
0.4778066195610238
0.4778763161554873
0.4779567670019412
0.47806193299168825
0.47804207087779876
0.47821337414282694
0.47839063176212343
0.47839419174811804
0.4782387824067693
0.4781958646127712
0.4784928167323548
0.47842631941323116
0.47829936719622185
0.4781387186827095
0.4781280762130898
0.47812027751677333
0.47793311657530585
0.47817652274860506
0.47808261766031085
0.47830565696562927
0.47811395973039506
0.47809799994276636
0.47804916374426676
0.4780945335728354
0.4781756923330528
0.4783851019672727
0.47855615172250826
0.47837801585116413
0.47832108933317835
0.47814512067964904
0.4780844388884493
0.4781604591232652
0.4781694889222815
0.4780661027262376
0.47747699737164084
0.4776787952059769
0.477794426058787
0.47801824886202504
0.477963199198645
0.47787780274994535
0.4777612312781723
0.4779900535627891
0.4779292257648867
0.4782347644743521
0.47790612858602516
0.47809976433390483
0.4780215624114897
0.4782462685937853
0.47829830078854485
0.4783232089069089
0.4784614842180789
0.47850481246885934
0.4783733785762429
0.4783855724243692
0.4786869743792061
0.4787092026808518
0.47888856775190597
0.4788737186187774
0.4788121936223183
0.4790135787381568
0.47908355696132315
0.47931946829105865
0.47916763318349764
0.4793832018975525
0.47898547420931276
0.47925408665484265
0.47932689532706363
0.4793138460371684
0.47935433680675577
0.47935378708371584
0.4795599147287775
0.47978831242515274
0.479754899011348
0.479554979216184
0.4797881581008058
0.47984466356618005
0.4799220368704641
0.4801264109953011
0.4801018487591455
0.4803602560684143
0.4803277905977922
0.4799747296916629
0.47970224630411384
0.4796676856808119
0.47993481936016336
0.47987342985625214
0.47988418991866094
0.47984005045546024
0.4794637343191694
0.4793469956751951
0.47877271069605337
0.4789288336127733
0.47888196921531695
0.47915273836340155
0.4793942637922541
0.4794698358037109
0.47953049032364614
0.4796118499570124
0.47989695055734766
0.47975739582318017
0.4797313971561152
0.4798525785120738
0.47973365392197787
0.4795414185695889
0.47969457796683757
0.47975317638613285
0.4797929409220092
0.479804736258569
0.47985930630557205
0.4795778562502587
0.4796289896755092
0.47959936177277984
0.47957079557449384
0.4793303355760303
0.47921832449428303
0.47921018990999376
0.47939838616854125
0.4792868451200878
0.4793478627471011
0.4794651868717236
0.4796856599495662
0.47972821486208006
0.4799295109824637
0.48023981104935604
0.4801215852981152
0.47983704722926007
0.4800241709264168
0.4799819558628142
0.4801221859405319
0.4801849537041099
0.4802225904495615
0.48001978798066597
0.48005320746312496
0.47952372877306493
0.47937897263564727
0.47962750645774077
0.47949428533958943
0.47956157710496333
0.4792216341779894
0.4794428651789374
0.4789904650609704
0.4790217914476165
0.47885292294774073
0.478844872776877
0.4788550270443684
0.4790224458079519
0.47888839901525865
0.4788832273578109
0.4787968602536632
0.47830408867016316
0.4783386391155589
0.4778055322400354
0.47780347905190934
0.47779567454398253
0.47779037732520363
0.4777638128094065
0.47765034629677017
0.47765982907051635
0.4776368743760212
0.47787621209863645
0.47787026334203697
0.4780141605881
0.4781468175368192
0.478213194973236
0.47819298165398344
0.4782266377806496
0.47828529755207855
0.4782679297018437
0.4782073302850684
0.4782489816886362
0.47810957983326946
0.47803947837634586
0.47829376110189786
0.47823118548659826
0.47825404722435183
0.47764343001184834
0.4775533593397848
0.4774517259442027
0.47752092144229913
0.4775138143757191
0.47752609116448147
0.47748746595234615
0.47749231035947176
0.47748009598298036
0.47770926904593075
0.47760372422899106
0.47768546226265735
0.4778213205450068
0.4776846142599102
0.4778065014378177
0.47792210363025617
0.47786396680281595
0.4778601931162027
0.4780821918526327
0.4783085321849965
0.47833442063792625
0.4781718629465625
0.4782368914274296
0.4784572852266531
0.47845190789532305
0.47873277889802174
0.47868037248664647
0.47866695096998946
0.47865024699831593
0.4789018732398144
0.47889652050507275
0.47817108872407854
0.47811702626595104
0.47778708704533535
0.4776950900907043
0.47752239559120646
0.47742120089793305
0.4772026604719978
0.4772219152951904
0.47735074312485937
0.4774426838393107
0.477627378439492
0.47737769765008353
0.4776943009178053
0.477666306367861
0.4777470085962592
0.477841403481453
0.4778624176793497
0.47789960254406655
0.47790636813417564
0.47774924241998423
0.47784152631109283
0.4778482853929691
0.4778552197663461
0.4775429080687588
0.47752780890964475
0.4776731989793346
0.4776774939097032
0.47762954307674144
0.47775267111258585
0.4777758409512817
0.47791477713206626
0.47792462447233774
0.47789876244827084
0.4776703252252716
0.4776961979086768
0.47798695065996527
0.47790001439022145
0.4779786656159224
0.47783256396371737
0.4780615135182066
0.47806544558188707
0.4779163964239579
0.4779200741237636
0.47807783327577635
0.4778541897424715
0.47785094428984515
0.47792866185473865
0.47800253949109134
0.4779889166060867
0.4780681581642299
0.4783136879850926
0.478178967576022
0.47827282871847676
0.4782674782052765
0.4779809479650078
0.47813423671837024
0.4782242334456879
0.47844183627821096
0.4786138693147121
0.47886690071590526
0.47870874704752786
0.47869260993257307
0.4787435197000244
0.47876292234144274
0.4790176868105567
0.4791443247729821
0.4791763693752182
0.479394992890865
0.4793844590726713
0.47936351735985017
0.4795167795193439
0.4794658203028919
0.479626580149967
0.4796305664471599
0.4794439412032268
0.4797400363140642
0.47968823459570537
0.479813854210395
0.4797530123073401
0.47967459771637583
0.47959449746384575
0.47962732999915836
0.47976069695539764
0.47971286851216355
0.4797884952724197
0.47959367842781864
0.47965355948376076
0.47970054473047535
0.4798013717267615
0.479697393523638
0.47992630410945536
0.4800076691733831
0.4801698716896065
0.48021887048349154
0.48042423387287186
0.4806073527966871
0.4806647474124066
0.48073974719875795
0.480899921096781
0.4810763239450306
0.48104362041831683
0.4811279935678925
0.4812480685416752
0.48131357821850607
0.48145621329375937
0.48132462143317517
0.4813656633419631
0.48124512205379355
0.4811943485689655
0.48128232444827534
0.4813228196004954
0.4810181861117121
0.4812208990492687
0.48152558760734776
0.48162454961646484
0.4815629261297751
0.48169288215482164
0.4818603231708156
0.48200892079977375
0.48214906982481387
0.48187420486378935
0.48197415149070494
0.48217757651107573
0.48228684651475534
0.4822250481496025
0.48223891556406556
0.48245120320210777
0.48229650894528825
0.4822801697891349
0.48210819760942386
0.48205102595142385
0.4819105943800947
0.4818235953798201
0.4818381328717327
0.48183190877951076
0.48190531718000124
0.4818859015113722
0.48198062287819254
0.4820879000656425
0.48193703482993827
0.4819700108960001
0.4820965569773629
0.481793523644098
0.48181199151665594
0.4816382972398869
0.48164548507236515
0.4816883119465121
0.4818019086167351
0.481994695626423
0.48222332966122666
0.48196064172391706
0.48194698237652933
0.48201805093489736
0.4818762438067593
0.48184486357316536
0.4819426124378635
0.48193674303478184
0.4819411500612653
0.4821885541148331
0.4821967760595148
0.4820642121537502
0.482095836875762
0.4821588490429105
0.482306477885686
0.4823518946105987
0.48223744482015585
0.48222329379697754
0.48231858568042
0.4821086563277936
0.48238793728465573
0.4822452199387781
0.48240471197357365
0.4824131506527027
0.4823324734377067
0.4823587117200429
0.4823630080213319
0.48261237918649574
0.4827759720756276
0.48284792507762675
0.48268302950548125
0.4826985773051779
0.4827776907541932
0.482941300179475
0.48288675613514626
0.4827005668939123
0.4826055214566774
0.48251649692714615
0.48257830758532294
0.48271306978299894
0.4828375223595725
0.48296989189326933
0.4830127842349224
0.48300675276053506
0.4830305238909876
0.4831828929231829
0.4834027015692592
0.4835632056837945
0.48356594027705513
0.48333058480000846
0.48334783611971965
0.48334304869551614
0.4829229425093135
0.4829709097587469
0.48303562767820013
0.48308638296080963
0.4832292259760741
0.4832302819977458
0.4831123419205535
0.48311428212100893
0.4827914672168578
0.4827732350450505
0.48267210200572397
0.48262331449671136
0.4824389711917835
0.4824763393823513
0.482087976992583
0.4817912923311939
0.4818357123036514
0.48191016940351583
0.48179606881983833
0.4817619308199618
0.48167025832617805
0.4818050411241573
0.48171908840672034
0.48164834278918
0.48180796786066604
0.4818383031300462
0.4817255712184318
0.48135639337898517
0.4813360509669573
0.48119028197899333
0.48110739683356296
0.481037107836217
0.48090181926066417
0.48081320954806905
0.48081370114718947
0.4808088969428252
0.4810097859124914
0.4809597580147446
0.4809708904955876
0.4807327837485742
0.48065512305912406
0.48062718382566066
0.48036061559980753
0.4800582607518514
0.48009805412154566
0.480036995133194
0.48003811553706893
0.4800139861532269
0.480160068404479
0.4799925417699888
0.4799639460129091
0.4801738675503305
0.48009652547372544
0.4801228769357895
0.480129463749821
0.48025433824886515
0.4801706958432499
0.48016732435730286
0.48019922597832443
0.48029489156293614
0.48034535762075475
0.48056231306574515
0.48084009248934967
0.4808937201854057
0.48097518599455463
0.4809196056159121
0.480908624129411
0.4809508606050328
0.48080032166246256
0.4807737059912878
0.48076832719302476
0.48075385565786066
0.48068920781752394
0.480631393923012
0.48076739712307226
0.4806583206117845
0.48066079185102095
0.4806222395987554
0.48080470726044555
0.4808269866963839
0.4808200133898649
0.480783152374066
0.4804518845959688
0.48051361820544114
0.4805162237439413
0.4806940490399434
0.4806123067936727
0.4804498482639996
0.480452463592339
0.4803276692257119
0.48031751106728765
0.4803239455418527
0.48056059945527896
0.48080681816661813
0.4807067211411656
0.4804408268957918
0.48039018532044164
0.48040836416513627
0.47966355216161216
0.4798521548192587
0.47990714494119
0.47993731806539164
0.4800179704053716
0.4800298788292725
0.4801551713261841
0.48000268522473727
0.4801146717080126
0.48034977364345066
0.48049778239140667
0.48051496166721375
0.4806463579384242
0.4807923732721438
0.4808603413144494
0.4809139159135126
0.4808480614124586
0.48102410007068447
0.4810545485129248
0.48103787600017667
0.4810482240144769
0.48125672675262704
0.48090746825583613
0.48104420507564094
0.4809427530855775
0.48091287974071883
0.4809531905140499
0.4809671976796999
0.4812163078121901
0.4812722559691811
0.48123172704409944
0.48121790193168323
0.48126367274632204
0.4811625251322783
0.48115068873205286
0.4808308977670361
0.4807330491221594
0.48075844738157736
0.48073898651550695
0.480907878230279
0.4806916237873143
0.4806910863531239
0.48083311232740833
0.48076720571495063
0.4807778938576877
0.4808430585577847
0.48056056375669254
0.48042073977011895
0.4803292048504804
0.48035589406081347
0.48045596312199407
0.4804189254044598
0.48043811171926765
0.4804407606651894
0.48045407645499655
0.48073683551202895
0.48073376891955943
0.48083447600596213
0.48077759590932756
0.4807433210494182
0.48070990600072844
0.4807478381101803
0.4807401201641522
0.48065791968461197
0.48037050962332667
0.48035961751773987
0.48053353256163
0.4805683944670243
0.4807799343202209
0.4809309908202284
0.4812015641656914
0.4812449860999193
0.4813354590515988
0.48132740755799286
0.48138985410182344
0.48144431408417265
0.4816084377183765
0.48153670118525854
0.48147980484025793
0.48155917861601893
0.48162649579820893
0.4815886845287221
0.4817810237746712
0.4819565519672743
0.48207931840265844
0.48208970132104745
0.4822259568183825
0.4823786234177808
0.4823327898588618
0.4825131516951272
0.48253710502212305
0.4822408444332527
0.4822287978324946
0.4822215129731407
0.4821961821500485
0.4819678697919257
0.48199773868713747
0.48197579695028714
0.4820795086611508
0.4821238912505062
0.4822338291036131
0.48233161905443034
0.4822717441673255
0.4822797281676578
0.4820736608815185
0.48217864542551286
0.48204543424410307
0.4819764197366485
0.48186635726210736
0.48193579313795687
0.4819555572853315
0.4819635413421017
0.48213630340494845
0.48196218165168164
0.4819686836596782
0.4820878032968926
0.4822260998618588
0.48228773572069505
0.4823320058300584
0.4820404037585524
0.4821697313567518
0.482278071725956
0.48191458026927136
0.4821568407518378
0.4823112414464609
0.4823986439135013
0.4821869947836573
0.48183372189267826
0.4818049661144371
0.4818422427180742
0.481349767533712
0.48160141298461145
0.4817559226205363
0.48191160014149337
0.4820975499225083
0.4821076173352337
0.48218998414150266
0.48245093210950546
0.48242472177076656
0.4824206667513375
0.48235242827707386
0.48248413829999726
0.482064529531843
0.48216411877341525
0.4822341833418366
0.4821203295308364
0.4821007274533004
0.48195841709512427
0.4820725562842422
0.48189948048225284
0.4819525721064997
0.48187222626094817
0.48176592172746197
0.48190267433397976
0.4819879602028949
0.4819813858514861
0.48203559548743774
0.48206536534890565
0.4819835946326795
0.4822683788573542
0.48228467999649605
0.48224841586332645
0.4821853908913314
0.48244280943738743
0.4818660040338716
0.4819888327493126
0.4821017121695308
0.48202119892982015
0.48217782874245546
0.4821755971968906
0.48205627318895633
0.48200894096589797
0.48201540792022324
0.4818916617572758
0.48198358082715453
0.4820277870313857
0.48183344879277995
0.482018239837227
0.48202792131116196
0.48198745117674613
0.48195991523744275
0.4819334829245417
0.4821964011882685
0.48212884028059677
0.48235245554676387
0.4824267538135174
0.4823423250776133
0.48223868016334753
0.4821911817396414
0.4823096755207102
0.4822848498751708
0.48229873754379593
0.48212942772016293
0.48213856532594634
0.48236534302509
0.48258719696987273
0.4826766809840123
0.4825754037878944
0.4824977974773146
0.4825175262283186
0.48251239171836763
0.48241383238384467
0.4821983739611251
0.48220069814305727
0.4820809215988379
0.48210815962403897
0.4815253808280677
0.48161576813800105
0.4817143630498852
0.48189954123392176
0.4818512001444923
0.4818798477750501
0.4818853031613373
0.4816489805837512
0.481647445231589
0.4816475666381208
0.48171475838645567
0.4817044165815639
0.48158162396332704
0.4815287731660407
0.4815191867493178
0.48163086591984183
0.4815849333930316
0.4814676712802784
0.4816872630538783
0.4815140499220078
0.4813441666772385
0.48134758854912246
0.48135926439395665
0.48122376012780305
0.48122404754214776
0.48122624304928646
0.48132938052842006
0.48144661061521016
0.48150325518860415
0.4812066965394585
0.48121571278624864
0.4812873744487818
0.48134481325652084
0.4813371856717093
0.4814559881687395
0.48145528549518696
0.4814367989544499
0.4813933223382913
0.48109516546754594
0.4811221707106676
0.48112469753901915
0.4810722989613444
0.48117624031577616
0.48105254335868075
0.4811117947282819
0.4811174705489668
0.48119893337790326
0.48075668329709476
0.4806550285231327
0.4808127676605669
0.48081727716430234
0.48045586207227087
0.4805071135320586
0.48047477094869945
0.4805407195453918
0.48056934410938235
0.48075522270159204
0.48075625641810205
0.4803003823849346
0.4804149841095469
0.480506750771821
0.48029911788961305
0.480302658379294
0.4803733050704793
0.4803483747761565
0.48025580220463054
0.48049904506703917
0.4807191376760795
0.4805549164612138
0.4808205483878053
0.4808601724477699
0.4809313309128515
0.4808152389243452
0.4809446600214647
0.48091175853193585
0.4808818305930073
0.48097021145838215
0.48104265239076016
0.48086383048829456
0.4808655684086127
0.48086803907020015
0.4808945999910037
0.48100667595849994
0.48105162338393836
0.48107100520670926
0.4811501829069724
0.48120189393261426
0.48088571342580533
0.48069720092230245
0.48054564588943
0.4804971757200386
0.4804291218129992
0.4803345424958042
0.48052726740328644
0.4805417847625847
0.48048614467158385
0.48053657184105114
0.48057743216463
0.4805717616493468
0.4805632475118476
0.4802631717726473
0.480423631647034
0.48044843639236245
0.48065386130456805
0.4807538083913889
0.48079388737897677
0.4805331768482231
0.48065176011110256
0.4808391364421907
0.48077409392516995
0.4807122495473364
0.4805867690599187
0.4806196706057514
0.48068421471822326
0.48089978069093625
0.4809465291137194
0.4809433377189078
0.4811253240760473
0.4808715618212698
0.48096017315460265
0.4809494374550424
0.48096965040075196
0.48106552334013253
0.48078347546548994
0.4807440113970213
0.4809098358530772
0.4810848902862172
0.4811167788876585
0.4810799866562837
0.4810987835516686
0.48109359413109065
0.48105646067187297
0.48107276872535576
0.4811234406098062
0.4807632196202588
0.4807802247663997
0.4809145123079417
0.4809588366581625
0.4809790566420308
0.48116802030390565
0.4811672907145473
0.48104293366651313
0.48101896465249966
0.48078550737353004
0.48076725736907244
0.48076396048498776
0.4806103474993043
0.480624872022375
0.4805129468905756
0.4805223215917572
0.48042984332166705
0.48053136700665017
0.48003504732609453
0.48004811263702973
0.48027678996542933
0.48016906564447803
0.4803603240670979
0.48029528345599193
0.48028350169680867
0.4802057438968555
0.48029932464850283
0.4803973933619901
0.4802517967130769
0.48025949435140003
0.4802722222746579
0.4803239338787894
0.48030264325332406
0.4804184863672244
0.480356132911664
0.48056535888172586
0.48014440196077834
0.4801674822804956
0.47988557016727773
0.4798850627623612
0.4798677493649001
0.47989670762879233
0.48009617343289024
0.4799060667902237
0.47975428192256186
0.4795288137354277
0.4794964641918944
0.4796677750449644
0.4795416878964096
0.47943277290769454
0.47940605976492484
0.4794573118328718
0.47947537017235187
0.47945928558923523
0.4793954132642401
0.47938882087887974
0.4795679825099965
0.47967474024126144
0.47987171542640006
0.47972993757875
0.4798575785052457
0.4798075931436373
0.4800370453297182
0.4800936039893002
0.4801288829431396
0.4800808227811953
0.4798688446800093
0.47980876001921946
0.4798951637604911
0.4798358010295408
0.4798583540931328
0.4798042593511699
0.47981015259280857
0.4793391308046114
0.47933907406536197
0.4790762005491995
0.47907770779160774
0.47907070343422914
0.4792803185630223
0.47936981822154345
0.4794669126918369
0.47924077772166107
0.4792321985861183
0.4794397545297802
0.47946340487080796
0.4794376613306294
0.4796683926441679
0.4798699280306044
0.47974179196501054
0.4799087417577855
0.4797943875398052
0.47988735326747417
0.4798658267454369
0.4799747458094896
0.4802346295914742
0.4803247400808896
0.48031252426866655
0.4803757639535731
0.48058046187513603
0.48074434394568144
0.48075417967236933
0.48061190965739325
0.4802360171725829
0.48013002722121073
0.48031801560838955
0.4803654778233623
0.48025726932573787
0.48029135007430834
0.4801817971835055
0.48017718660271613
0.48022091325856125
0.4804749605228919
0.4803600143042822
0.48033760188401087
0.480445290552696
0.48052167812629276
0.48042310565245416
0.4805678763027664
0.48056231135658506
0.48077361866976026
0.48099388836468326
0.48115844080074005
0.48108807181726393
0.4810859728390257
0.4808115842184142
0.4807215034634524
0.48048084652503126
0.48047725689561005
0.48054811941548
0.48057491843365346
0.4806930126861056
0.48072627880623486
0.48088554028150626
0.48093327291413884
0.48092102223737443
0.4809113843072008
0.48073808407435975
0.4802375925418496
0.480469091989829
0.4805516329972596
0.48047316863005296
0.4804794566424446
0.4807264062198576
0.4807279574236618
0.48086249627462535
0.4808867252339492
0.48089675579631097
0.48084942222027394
0.48101182828545036
0.48119041190916534
0.4811004317650825
0.4812766452000154
0.48137820703026907
0.4816286727713801
0.48159554021858586
0.4816674255225987
0.48166206381960164
0.4816470831688395
0.4817386399070452
0.4819626866781947
0.4821251553518512
0.482364668541561
0.48234223114520436
0.4823123248989628
0.48225077380708437
0.48226653420954746
0.48245911210484416
0.48230807219789634
0.48216784993576167
0.48214632527982926
0.4820617757014198
0.4820827154679486
0.48224364981457996
0.4823414080550098
0.4824326721874591
0.48246709623029554
0.48240772701034973
0.48247754779909763
0.4825042056931301
0.48248312430003715
0.4823070174792521
0.48242761367525927
0.4824013284135148
0.4823968152757917
0.48236638327587505
0.48226268469008055
0.48236122521541364
0.4823590925217911
0.48235892930441465
0.4825200414310668
0.482325838555534
0.48245871008077823
0.482463793579522
0.4825802379860952
0.48255841372774827
0.4827576764392629
0.482719489303193
0.4826904917604305
0.48274610182608807
0.482724331976881
0.48292819300047135
0.4828749377502394
0.4828007047698714
0.4829667953521535
0.4828036353977849
0.48258798134443603
0.4827073852696292
0.4827894155794283
0.4827885772748991
0.48263264367242537
0.482528939442696
0.48216387742865563
0.48211296387254854
0.4820089246380648
0.4815179630590664
0.4816931979043073
0.4815823272522165
0.48158145963866805
0.48174920853815284
0.48183556774896574
0.48204014125660477
0.48210866132940716
0.48177562874172636
0.4817901040797214
0.48185348230551267
0.4819330516056742
0.4820883932126918
0.48189486357564665
0.48209501117028397
0.4818038320108071
0.48181342215034306
0.4818269949322115
0.4817463518912757
0.4816325627056444
0.4814699819017957
0.4814980205681334
0.48153079540265237
0.48156095722033904
0.4816573549608914
0.4813445010509333
0.4813549931184595
0.4813561724780989
0.48151249513005745
0.4813892862031755
0.48151528898786927
0.481510074760943
0.4816214186911967
0.48130096695629093
0.4812525540794839
0.48134133743852503
0.48129203161264644
0.4814102140591408
0.4816092313272926
0.48161533997242445
0.4817029616369566
0.48194801105715873
0.4817401842983475
0.48154071363334544
0.4816498695213452
0.48176646415806346
0.48130089941654575
0.48120456443430965
0.4812883459322594
0.4812795210400726
0.4806912206954975
0.48075910484296425
0.48064998470047193
0.48063192473557426
0.4804198182936939
0.48051651656379607
0.48054102980359914
0.480530389955504
0.4806481041017953
0.4805662367127228
0.48055353134125217
0.4807648481119828
0.480671695615465
0.4807138594032364
0.48081144644394375
0.48075642799022855
0.48042427625662054
0.4802697972653183
0.48035368049281196
0.48025321805185567
0.48021061346472876
0.4802067116678471
0.48043905611278964
0.48010778258184184
0.4799512914525347
0.4798976060785281
0.4798074313857073
0.4797679907328775
0.47988140446437977
0.47979180194938176
0.4799853208218588
0.4801813066085089
0.4802022019855843
0.4800698722272785
0.4802604677341823
0.48022502667132366
0.4801905233730317
0.48018436398254416
0.4801774490297139
0.4802136909034205
0.4800429111729104
0.48008129295537577
0.4799872914870154
0.47973416764050125
0.4799568731252729
0.4799507951028864
0.47997427356696887
0.4801576443536775
0.4801211874544118
0.4800784769681371
0.4801646442675562
0.48014514024715915
0.4801737579810042
0.4800756008303505
0.4797859639883126
0.4798975767756121
0.4798598831612235
0.47979197889288083
0.4798523021024712
0.47973089666503155
0.47969331021552125
0.47966088727602285
0.47955342414216257
0.47956232297476015
0.47954493579585156
0.47955574358572767
0.479593244607624
0.4797761884484644
0.47973494327260974
0.4794533662555731
0.4795635585275512
0.4795987438031253
0.47976372706905296
0.4796984695823735
0.47978132593388473
0.4796546458715899
0.4795295801598223
0.4794810213524134
0.479558979339724
0.47969486783532583
0.4797043675385891
0.47942975691088513
0.47965973353679314
0.4797344858341348
0.4796136820755858
0.47977438626587227
0.47977311561750857
0.479778330590149
0.4795944745992006
0.47948765588675557
0.4789987925203464
0.4791489082490164
0.47926544001670573
0.47928736225904134
0.4790175515473251
0.4789913449663452
0.47909320246153
0.47913624081527173
0.47917188345727924
0.47931238001463733
0.4792835351487226
0.47925039166318795
0.4793895483344062
0.47948276281264096
0.4795370608613751
0.47957953753288984
0.47954533789803283
0.4797520902754664
0.4798312890029081
0.47992109987639914
0.48001851290970776
0.48003177536508035
0.4802363808887002
0.4801116194571049
0.4800955719624823
0.48012017240521265
0.48006721947072944
0.48014530667586014
0.48005207324511695
0.4801846737274375
0.48032053907382266
0.4804384988016384
0.4804098579808792
0.4805000838314569
0.4804272325541461
0.4803215317980499
0.4803302599115292
0.48020642381043205
0.4800475172032814
0.48006107116815283
0.48015756266448156
0.4802536479512675
0.48030473146031594
0.48053097632534775
0.4805232137737529
0.48052621242613935
0.4804704937372422
0.48047208048378615
0.48024703441442756
0.48025442094570436
0.4803132496959535
0.4803501685659128
0.48041053244298265
0.48028419332205574
0.4803150345695687
0.48014847567970564
0.4801367605756146
0.4800348218058652
0.4799737068579826
0.47997049747223525
0.48000733413585195
0.4799141404466488
0.479846960502233
0.4795491074954839
0.47965337336915437
0.47952087494688095
0.4794869922536743
0.47941554983714557
0.47949085398538044
0.47954338265723606
0.47947585319715263
0.4795037981399192
0.47951150707098666
0.4795525072637934
0.47938096969339583
0.4795115334627126
0.4792930269401405
0.4795142053468607
0.47953685316464145
0.479494656706663
0.47912443622428974
0.47922170928569185
0.47923239593130373
0.47938217815078094
0.47938857369544813
0.4795566580318492
0.47956111476804897
0.4796626038830511
0.4797606427570796
0.47989216207146795
0.47989018664268834
0.4797118076020648
0.47975518485863067
0.4798787269836026
0.4799024702094217
0.4798851913666372
0.4799252247552195
0.47995349100300133
0.48008230046348793
0.48006497829163713
0.4800829808637398
0.4801122482035742
0.4800753216702822
0.48011252320363634
0.4800354276993938
0.47957934725958673
0.47948321759377993
0.4794461254254758
0.47910997242332254
0.47904358786796647
0.47919391030745595
0.47873983431509043
0.47875183922402853
0.4788451734963214
0.4790034374648832
0.4787886195628369
0.47870852111552115
0.4787574430663295
0.4785601295167505
0.47861820455054416
0.4786199339262699
0.4786111299913615
0.4787818239059041
0.4787821576676585
0.4787492023666712
0.47880575857483243
0.47882036981673665
0.4788686389886617
0.47881605990233944
0.4786553511546901
0.47868940799171117
0.4786692923991403
0.47856883088097263
0.4783509990107087
0.47840370250602327
0.47858775497748013
0.47853195763169176
0.4781800393121352
0.4783409635091875
0.47820558105416094
0.47841265450243087
0.47837519430758896
0.4784068331445832
0.4784410734389401
0.47846464365826424
0.47847362159005424
0.47854219988133245
0.47854817835589325
0.4784180909831533
0.47840485754321166
0.478418860780145
0.47864714474153397
0.47878089376627303
0.47887860906527757
0.4789297787002223
0.4789550107321218
0.478899098043249
0.4790089395483333
0.47905857056835016
0.4790040527566769
0.47863688825877265
0.4786894899776227
0.47880225628429907
0.47878092916597176
0.47885669688057136
0.4790267971064282
0.47915735340648435
0.47920047511323105
0.47917173649616174
0.4790562660579759
0.47887583400701
0.4788154977031252
0.4788728671271598
0.4787424772752911
0.47869748457855993
0.4786922822210525
0.47884382667828296
0.47900363533152585
0.47907015306041995
0.47923382064213005
0.47921955305955255
0.4790874588873555
0.4792055642294132
0.47916808209879796
0.4791521780992345
0.47913171868307286
0.47909411215738423
0.4790924580180394
0.47914206255193836
0.479025916654207
0.47891048855882673
0.4787528994210566
0.4787905649577633
0.47857153277040015
0.4784633282669186
0.4785009561737907
0.47851685106336933
0.4785820703090933
0.47860542728370703
0.4786905875672315
0.4787400960755716
0.47894936450016395
0.47878118582011314
0.47872226866503387
0.4787120175091151
0.47882239811927557
0.4787975640410517
0.4787455194101209
0.4788905910072631
0.4789876807335372
0.4788939774181224
0.47896760650080406
0.4790138564348055
0.47902355083855686
0.47921056209849133
0.47923527662770504
0.4791913191517994
0.4791963984092691
0.4791846565300468
0.47905214180589534
0.47906349621808914
0.47920760812053
0.47930175534829367
0.47928193353393644
0.47931779708256317
0.4794788315358208
0.47939412991757
0.4795519734010816
0.479416620301798
0.4793781061874932
0.47937562412546036
0.47949576442065817
0.479438644689093
0.47936294231794396
0.4793564502486211
0.4794186313636386
0.4790494569031921
0.47913359878917383
0.4790996485066933
0.479109119847178
0.4792516884342543
0.4794312098144092
0.4794909509809858
0.4794061014386845
0.4794111145381331
0.4794384438433919
0.4794500759438552
0.4793973752500823
0.4793816874924828
0.47942483207300246
0.4795937257734515
0.4795548830945938
0.47963055172026364
0.4796313677288609
0.4796246175857092
0.4795156377617051
0.47959148248592864
0.47964662628512345
0.47980378231875037
0.4797350758588719
0.47973835134695914
0.4797606332900567
0.4797745255469387
0.4796486734128838
0.47964994273767086
0.47933661827437213
0.4794813252658955
0.4794934587762581
0.47958750554233615
0.4795826951567796
0.47959177106804707
0.479592511705881
0.47978137460340653
0.4797477703165505
0.4798191741405801
0.47983895140615906
0.47967009862582616
0.47967039730943106
0.4796463182562626
0.4796368700494443
0.4798113288268654
0.47970591307636284
0.47973855818239064
0.4796950894896699
0.4797158921356872
0.47954237703128705
0.4796190918897248
0.47978338686966493
0.47983360562110094
0.4799248120451518
0.48008179935981177
0.47955311083197677
0.47970656024402736
0.47936325679533115
0.4795174032081552
0.47960487646558003
0.4796149589002283
0.4796285924373285
0.47964467196796834
0.4793784382663584
0.47935560510032665
0.47942165348980975
0.47939672292946695
0.4793794384703144
0.47911065760917615
0.4791451056467046
0.479253751619652
0.47927104332143255
0.4794189917573135
0.4793948902961858
0.4794059562820408
0.47963914886252773
0.47969755314687906
0.47967919188648234
0.4798009330056544
0.47959218584635205
0.4794522880710394
0.4795370585117268
0.4796470309855074
0.4796709943611162
0.47932854228239763
0.478792483264002
0.47883361471700236
0.4787786926503817
0.4787495521326083
0.4788909108368276
0.4787047230324481
0.4787476027352148
0.478714751736913
0.47884747874376193
0.4787995131878036
0.47886808254599067
0.478966459946223
0.47903334728219105
0.4790843298627796
0.47919914881034537
0.4792644107398951
0.4793930532568001
0.4793001056206696
0.47943323505695845
0.4794587398142349
0.4794325070033361
0.4795917738088843
0.47964536876676467
0.47961822660243525
0.47965874629086575
0.4792516335261787
0.47933210926387926
0.4793153781922067
0.47924721204772885
0.47917745651366883
0.47934460591651296
0.47936889655243947
0.4794083256579457
0.47943326835397654
0.4794340915507268
0.4792096185543314
0.47940442606918554
0.47940201214571476
0.4795891775821257
0.4797276194758663
0.47975223126211486
0.47976442847812384
0.4796968335082001
0.47962605040204986
0.479613503673307
0.479608803949723
0.4797569788332423
0.4798390458652657
0.4798470183537502
0.47979433775494157
0.47966060260624754
0.479656306181352
0.4793077209405691
0.47925751607742983
0.47930218349090015
0.47940470891132514
0.47927117880290065
0.4794172504745988
0.47938569974206635
0.47919070894566496
0.4794176991888177
0.47957904297209103
0.47942135809236586
0.4794446909664968
0.4794880438147563
0.47951833029420565
0.47963918395239086
0.47971966295978724
0.4797538006770421
0.4796584270995998
0.47952491732033575
0.4793473131460886
0.4794135053067655
0.4792850418301443
0.4792217418613954
0.4792379303353857
0.4792212835982908
0.47919599528980067
0.4789500767694981
0.4789110568167073
0.47887879049813714
0.4784928945302939
0.47835863881048885
0.4783568316657201
0.4783185809181283
0.47834149746031046
0.47816936392029924
0.47818616925499796
0.47816879369560233
0.4780787512877574
0.4781378040039026
0.4783175238497253
0.4783496076263053
0.4783788391321373
0.47834756608945245
0.47833216162195963
0.47830408634798216
0.47830231232260295
0.4783530767138804
0.4784385804572612
0.47836242809296303
0.47853692705845624
0.47857648973648914
0.4785837783619396
0.4786558744023354
0.4787111427218924
0.47866311397428846
0.4785775945736788
0.4785638881884632
0.4785551656030019
0.4785517324985555
0.47843984219637625
0.4783855269427556
0.47840404120470786
0.4785057311974528
0.47844865075002146
0.47840810396396516
0.4783951037989927
0.47844245233073224
0.4784417636151018
0.47820985935101173
0.4780178252380502
0.4781140222282168
0.47816630482989336
0.47814696780004223
0.4781930437126249
0.47815407742154403
0.4781216463699006
0.47804117242767846
0.4780806502215409
0.47810673842027496
0.4781145019311773
0.4782416443849158
0.47838612859105667
0.47841516262419714
0.4784089674815912
0.4783180548340128
0.47834509654771457
0.4783380457605785
0.4783063991401281
0.4782403683605927
0.4781236442675783
0.4782101310667613
0.47817945443235776
0.47818116638195074
0.47819984820505257
0.47806104412431016
0.47825749639665444
0.4783588104614793
0.47846494082417107
0.4784229552702642
0.47840797895478954
0.47861950187302926
0.47881553270823474
0.47885585849812656
0.47901491130747703
0.4790717489197959
0.4791832418051621
0.4791664115903796
0.479260245916211
0.47930568743359425
0.4792328745008265
0.4793399408016356
0.4795091988895701
0.47949668850356697
0.4794788971111392
0.4793636922778519
0.4794292511071877
0.47943789972261414
0.4795777074812098
0.47955063948290566
0.47960358569663863
0.479637945702132
0.47926646047281374
0.4793354437692615
0.47934344007682755
0.4792055375218666
0.4793684957782264
0.479386183596803
0.4793857158086668
0.4791916652237538
0.4791931508609686
0.47918963997760106
0.47918818997773815
0.47916343251620475
0.4791678944913432
0.4792655633645411
0.47928091231673586
0.4792288906996173
0.4792523553278885
0.4793755442356475
0.4794800145974475
0.4794298386408537
0.4796332385096189
0.47969355516432594
0.4796954743916359
0.4798067201610239
0.47969118233315755
0.4795410168496164
0.4796988328815561
0.47936024571786573
0.47942359644944793
0.479604791824034
0.479553389158962
0.4795364533093094
0.47951405695979826
0.47953415633597063
0.479515635478612
0.4795134977282137
0.47951855574428953
0.4793084909715296
0.479272605240321
0.4792537459287163
0.47895851926921346
0.4786994277384418
0.4787693352587363
0.47878469387617806
0.4787818253396778
0.4787982950384924
0.4784980138100927
0.47846511722961726
0.47846981623000245
0.4783131166925225
0.4783390802568364
0.47841390807495876
0.4784415371491108
0.4785306148368402
0.4785757398601289
0.4786844284224286
0.4786761227600268
0.4786652660732197
0.4786423936761134
0.47850977051609445
0.47851092610358437
0.47851406841590327
0.47847348133173295
0.47826151227962993
0.4783049772291678
0.47830119229508594
0.47827104326881814
0.47820094882179787
0.47815129206842827
0.4780009752076863
0.47796719159446643
0.47760617103109004
0.4776482770433698
0.4775785555017503
0.4775191837381659
0.4776485033351285
0.47768735510446003
0.47779776109240557
0.47800123793974175
0.4780019614636193
0.47798030478208525
0.47813410323394345
0.4781333938070826
0.47796849605782016
0.4779811579781083
0.4779257278429558
0.477851171447953
0.47796435871674103
0.47796617305263295
0.47780834921006904
0.4778668620471675
0.47739008478144784
0.4773767366970744
0.4773815369703825
0.477453820120467
0.4774619364151232
0.4774920764253082
0.4776066227056487
0.47762365968747517
0.47757270332382806
0.47774325311026744
0.47765484596905805
0.4777703593349232
0.4777386287059708
0.4777003524445715
0.4778630975211547
0.47783175571877573
0.47783378342621835
0.47782952052962335
0.4779973389398688
0.4781779191085818
0.47805445986953965
0.47804008261366066
0.4780254998963485
0.478089279015492
0.47808654731672046
0.47802819247504796
0.47797604905167773
0.47794422147079296
0.4780421521535565
0.4781279565251019
0.47831741707631553
0.4780414385297379
0.4780008251200244
0.4779543049290898
0.4780959642421254
0.4781251833623007
0.47793370008639025
0.47803672858955426
0.478030661150655
0.4777150410817165
0.4777285370202505
0.477767452077396
0.4777307667511842
0.4778093633476356
0.4775773433219232
0.4775648908679489
0.47745370240037366
0.4774220388644173
0.4774724494918476
0.47747002313172465
0.47750637012038605
0.47769566094563376
0.4775198310457179
0.47752393047797137
0.47751515256939325
0.4775147262081988
0.47764364391674563
0.4776137681668091
0.4775931406705463
0.4774022384065844
0.4775625829836635
0.47751344545002866
0.4775170838483877
0.4776224427944023
0.47738883447339725
0.47753005854814873
0.47755452462522635
0.4775775961320523
0.477779787172297
0.47782011461873314
0.47773788387247057
0.47760013349433567
0.47762366676465196
0.4776241138457198
0.47762526373706293
0.4775012223992699
0.47751456724009644
0.4775301330353604
0.4775064768765706
0.4776313068332779
0.4776605856099658
0.4777545835922832
0.47795016804993046
0.47799711348956925
0.4780586899768141
0.4780253301195393
0.4780486388591006
0.478229355533538
0.47816921992397465
0.47795897413118904
0.47795091122506844
0.4779350639928581
0.4778624080890488
0.47792931374032155
0.47809121173035907
0.4781874290958232
0.47818378618718
0.47819091059506413
0.47832560166106547
0.47830541430001716
0.4782009899622911
0.47818655180437636
0.47815418200343224
0.4780348267589112
0.4778582095259185
0.478056031005385
0.47804572768774245
0.4780017027733998
0.4777915077077208
0.47793850289710355
0.4779464639992751
0.4779144567677697
0.4779012375000148
0.47799851678195177
0.47817225945692293
0.4781372078885787
0.47795865048381825
0.47807161720433466
0.4781309621490583
0.4781396908006448
0.47833015183565747
0.4783228704199329
0.47851884285304114
0.47841900801508586
0.4784601526777863
0.4784753487808155
0.47852465858151444
0.4785639709257066
0.4784468323084425
0.47831279484336847
0.4783772252678982
0.47802916000433615
0.47813607697457955
0.4781096151653019
0.47806326768687313
0.4780593993068605
0.4781356855947884
0.4782687416478399
0.47845068243279115
0.47850282726133125
0.4783434231532772
0.47826889777435605
0.4784697119249512
0.4785083722921759
0.47851053200582777
0.4781845407620511
0.4783274774781409
0.4783203739826088
0.47849173354376756
0.4782730825566571
0.4783375451904689
0.4783864841224969
0.47843915796358943
0.47853984755030676
0.4784899148840387
0.47845491387483374
0.47851012966710216
0.47869580678586354
0.4788124861584532
0.47887530235885467
0.4788670515575423
0.4789345801350477
0.4791052963006777
0.47902584513148533
0.47904320993142013
0.4790957126222433
0.47909777652939683
0.47894032599631137
0.47896975805821557
0.47897182436410785
0.4790806447018922
0.4790505207325385
0.4789074776308675
0.4788779193873922
0.47877313623623535
0.4787278315806902
0.47883482264543487
0.47897613281284496
0.4790856781649911
0.47904845936510854
0.47904743605249517
0.4790827613972627
0.4788184839703004
0.47864604793260723
0.47854440102287393
0.4785143080776306
0.47845049071223794
0.4783970038858473
0.47845552853659307
0.47842521808142163
0.47839984874069086
0.47853280900990225
0.47869897521927973
0.47868201810101907
0.4786838934574799
0.4786457215251455
0.47862339428524275
0.4785655424785292
0.4785557012977436
0.4785219446149188
0.4786795353963495
0.47885749461749066
0.4789954004434678
0.47913920506916474
0.4791361517302196
0.479234847266954
0.47938800902691564
0.47954495875475533
0.4796963643701761
0.4795712226044978
0.47942901078527644
0.47954209622052946
0.47961194763775283
0.47958718152186675
0.4794517395469604
0.47945346015096124
0.47930876648293425
0.47929564600524205
0.4793125668426471
0.4792402487727187
0.4790721984953446
0.4790981486123161
0.47912213012039745
0.47896654302850733
0.47858212793127325
0.47858283039752947
0.4785766609921164
0.4786889113660641
0.47882849549163214
0.4789152063424629
0.4790656736009915
0.47922740064243
0.4791582501171157
0.47910216865136496
0.47896959441417936
0.4789866561342632
0.4789797083330779
0.4790465563376764
0.4790983956748388
0.4791344505617956
0.4792947402084058
0.47933863993231207
0.4793179912205338
0.479449899365856
0.47950867055409446
0.47941504575084426
0.47952558002879403
0.47949745576079866
0.47928370233549694
0.47920426385912795
0.47914914378108703
0.47923103591642485
0.47924727918683496
0.47926796068238775
0.4793159555310122
0.47924164706364153
0.47925312226024797
0.4793304026146407
0.47930726107019095
0.4792166005823931
0.47924206739511993
0.4793138747831117
0.4792585950291285
0.47937622824671106
0.4794194653734727
0.4792894434439999
0.4793111095623271
0.4794220617260529
0.47941231472618684
0.47934373450128365
0.4793319519012736
0.47927666481169784
0.47942107415274055
0.4793508923557327
0.47944073083328964
0.4794335514135756
0.4793919357300811
0.4794713719971207
0.4794247341685057
0.4795514263744962
0.47956582190969504
0.47932394488216906
0.4792766380613031
0.47939863812348626
0.4793871409190444
0.4792609908633186
0.4792932152081643
